nodes:
      n1 : loadI 0 => r29
      n2 : loadI 1 => r11
      n3 : loadI 2 => r30
      n4 : loadI 10 => r5
      n5 : loadI 1024 => r4
      n6 : store r30 => r4
      n7 : add r29, r29 => r28
      n8 : add r29, r11 => r27
      n9 : add r11, r11 => r3
      n10 : add r28, r27 => r26
      n11 : add r27, r11 => r25
      n12 : add r26, r25 => r24
      n13 : add r25, r11 => r23
      n14 : add r24, r23 => r22
      n15 : add r23, r11 => r21
      n16 : add r22, r21 => r20
      n17 : add r21, r11 => r19
      n18 : add r20, r19 => r18
      n19 : add r19, r11 => r17
      n20 : add r18, r17 => r16
      n21 : add r17, r11 => r15
      n22 : add r16, r15 => r14
      n23 : add r15, r11 => r13
      n24 : add r14, r13 => r12
      n25 : add r13, r11 => r10
      n26 : add r12, r10 => r8
      n27 : add r10, r11 => r9
      n28 : add r8, r9 => r6
      n29 : load r4 => r7
      n30 : mult r6, r7 => r0
      n31 : add r4, r5 => r2
      n32 : add r2, r3 => r1
      n33 : store r0 => r1
      n34 : output  1024
      n35 : output  1036
edges:
      n1 : { }
      n2 : { }
      n3 : { }
      n4 : { }
      n5 : { }
      n6 : { n3 , n5 }
      n7 : { n1 }
      n8 : { n1 , n2 }
      n9 : { n2 }
      n10 : { n7 , n8 }
      n11 : { n2 , n8 }
      n12 : { n10 , n11 }
      n13 : { n2 , n11 }
      n14 : { n12 , n13 }
      n15 : { n2 , n13 }
      n16 : { n14 , n15 }
      n17 : { n2 , n15 }
      n18 : { n16 , n17 }
      n19 : { n2 , n17 }
      n20 : { n18 , n19 }
      n21 : { n2 , n19 }
      n22 : { n20 , n21 }
      n23 : { n2 , n21 }
      n24 : { n22 , n23 }
      n25 : { n2 , n23 }
      n26 : { n24 , n25 }
      n27 : { n2 , n25 }
      n28 : { n26 , n27 }
      n29 : { n5 , n6 }
      n30 : { n28 , n29 }
      n31 : { n4 , n5 }
      n32 : { n9 , n31 }
      n33 : { n6 , n29 , n30 , n32 }
      n34 : { n33 }
      n35 : { n33 , n34 }
weights:
      n1 : 19
      n2 : 19
      n3 : 14
      n4 : 8
      n5 : 14
      n6 : 13
      n7 : 18
      n8 : 18
      n9 : 7
      n10 : 17
      n11 : 17
      n12 : 16
      n13 : 16
      n14 : 15
      n15 : 15
      n16 : 14
      n17 : 14
      n18 : 13
      n19 : 13
      n20 : 12
      n21 : 12
      n22 : 11
      n23 : 11
      n24 : 10
      n25 : 10
      n26 : 9
      n27 : 9
      n28 : 8
      n29 : 10
      n30 : 7
      n31 : 7
      n32 : 6
      n33 : 5
      n34 : 2
      n35 : 1
