nodes:
      n1 : loadI 1024 => r5
      n2 : loadI 6 => r8
      n3 : store r8 => r5
      n4 : loadI 10 => r6
      n5 : loadI 4 => r7
      n6 : add r5, r7 => r4
      n7 : store r6 => r4
      n8 : load r5 => r2
      n9 : load r4 => r3
      n10 : add r2, r3 => r0
      n11 : loadI 1020 => r1
      n12 : store r0 => r1
      n13 : output  1020
edges:
      n1 : { }
      n2 : { }
      n3 : { n1 , n2 }
      n4 : { }
      n5 : { }
      n6 : { n1 , n5 }
      n7 : { n3 , n4 , n6 }
      n8 : { n1 , n7 }
      n9 : { n6 , n7 }
      n10 : { n8 , n9 }
      n11 : { }
      n12 : { n7 , n8 , n9 , n10 , n11 }
      n13 : { n12 }
weights:
      n1 : 15
      n2 : 15
      n3 : 14
      n4 : 12
      n5 : 13
      n6 : 12
      n7 : 11
      n8 : 8
      n9 : 8
      n10 : 5
      n11 : 5
      n12 : 4
      n13 : 1
