nodes:
      n1 : loadI 4 => r3
      n2 : loadI 2000 => r24
      n3 : add r24, r3 => r23
      n4 : add r23, r3 => r22
      n5 : add r22, r3 => r21
      n6 : add r21, r3 => r20
      n7 : add r20, r3 => r2
      n8 : load r24 => r19
      n9 : load r23 => r17
      n10 : load r22 => r15
      n11 : load r21 => r14
      n12 : load r20 => r16
      n13 : load r2 => r18
      n14 : mult r18, r16 => r12
      n15 : mult r14, r15 => r10
      n16 : mult r17, r19 => r8
      n17 : add r18, r19 => r9
      n18 : add r16, r17 => r11
      n19 : add r14, r15 => r13
      n20 : add r12, r13 => r6
      n21 : add r10, r11 => r7
      n22 : add r8, r9 => r5
      n23 : add r6, r7 => r4
      n24 : add r4, r5 => r0
      n25 : add r2, r3 => r1
      n26 : store r0 => r1
      n27 : output  2024
edges:
      n1 : { }
      n2 : { }
      n3 : { n1 , n2 }
      n4 : { n1 , n3 }
      n5 : { n1 , n4 }
      n6 : { n1 , n5 }
      n7 : { n1 , n6 }
      n8 : { n2 }
      n9 : { n3 }
      n10 : { n4 }
      n11 : { n5 }
      n12 : { n6 }
      n13 : { n7 }
      n14 : { n12 , n13 }
      n15 : { n10 , n11 }
      n16 : { n8 , n9 }
      n17 : { n8 , n13 }
      n18 : { n9 , n12 }
      n19 : { n10 , n11 }
      n20 : { n14 , n19 }
      n21 : { n15 , n18 }
      n22 : { n16 , n17 }
      n23 : { n20 , n21 }
      n24 : { n22 , n23 }
      n25 : { n1 , n7 }
      n26 : { n8 , n9 , n10 , n11 , n12 , n13 , n24 , n25 }
      n27 : { n26 }
weights:
      n1 : 18
      n2 : 18
      n3 : 17
      n4 : 16
      n5 : 15
      n6 : 14
      n7 : 13
      n8 : 11
      n9 : 11
      n10 : 12
      n11 : 12
      n12 : 12
      n13 : 12
      n14 : 9
      n15 : 9
      n16 : 8
      n17 : 7
      n18 : 8
      n19 : 8
      n20 : 7
      n21 : 7
      n22 : 6
      n23 : 6
      n24 : 5
      n25 : 5
      n26 : 4
      n27 : 1
