nodes:
      n1 : loadI 128 => r36
      n2 : loadI 132 => r37
      n3 : loadI 136 => r38
      n4 : loadI 140 => r39
      n5 : loadI 144 => r40
      n6 : loadI 148 => r41
      n7 : loadI 152 => r42
      n8 : loadI 156 => r43
      n9 : loadI 160 => r44
      n10 : loadI 164 => r45
      n11 : loadI 168 => r46
      n12 : loadI 172 => r47
      n13 : loadI 176 => r49
      n14 : loadI 180 => r51
      n15 : loadI 184 => r52
      n16 : loadI 188 => r53
      n17 : loadI 192 => r54
      n18 : loadI 196 => r55
      n19 : loadI 200 => r56
      n20 : loadI 204 => r57
      n21 : load r57 => r3
      n22 : load r56 => r5
      n23 : load r55 => r7
      n24 : load r54 => r9
      n25 : load r53 => r11
      n26 : load r52 => r13
      n27 : load r51 => r50
      n28 : store r45 => r49
      n29 : load r49 => r48
      n30 : load r47 => r15
      n31 : load r46 => r17
      n32 : load r45 => r19
      n33 : load r44 => r21
      n34 : load r43 => r23
      n35 : load r42 => r25
      n36 : load r41 => r27
      n37 : load r40 => r29
      n38 : load r39 => r31
      n39 : load r38 => r33
      n40 : load r37 => r35
      n41 : load r36 => r34
      n42 : add r34, r35 => r32
      n43 : add r32, r33 => r30
      n44 : add r30, r31 => r28
      n45 : add r28, r29 => r26
      n46 : add r26, r27 => r24
      n47 : add r24, r25 => r22
      n48 : add r22, r23 => r20
      n49 : add r20, r21 => r18
      n50 : add r18, r19 => r16
      n51 : add r16, r17 => r14
      n52 : add r14, r15 => r12
      n53 : add r12, r13 => r10
      n54 : add r10, r11 => r8
      n55 : add r8, r9 => r6
      n56 : add r6, r7 => r4
      n57 : add r4, r5 => r2
      n58 : add r2, r3 => r0
      n59 : loadI 1024 => r1
      n60 : store r0 => r1
      n61 : output  1024
      n62 : output  176
edges:
      n1 : { }
      n2 : { }
      n3 : { }
      n4 : { }
      n5 : { }
      n6 : { }
      n7 : { }
      n8 : { }
      n9 : { }
      n10 : { }
      n11 : { }
      n12 : { }
      n13 : { }
      n14 : { }
      n15 : { }
      n16 : { }
      n17 : { }
      n18 : { }
      n19 : { }
      n20 : { }
      n21 : { n20 }
      n22 : { n19 }
      n23 : { n18 }
      n24 : { n17 }
      n25 : { n16 }
      n26 : { n15 }
      n27 : { n14 }
      n28 : { n10 , n13 , n21 , n22 , n23 , n24 , n25 , n26 , n27 }
      n29 : { n13 , n28 }
      n30 : { n12 , n28 }
      n31 : { n11 , n28 }
      n32 : { n10 , n28 }
      n33 : { n9 , n28 }
      n34 : { n8 , n28 }
      n35 : { n7 , n28 }
      n36 : { n6 , n28 }
      n37 : { n5 , n28 }
      n38 : { n4 , n28 }
      n39 : { n3 , n28 }
      n40 : { n2 , n28 }
      n41 : { n1 , n28 }
      n42 : { n40 , n41 }
      n43 : { n39 , n42 }
      n44 : { n38 , n43 }
      n45 : { n37 , n44 }
      n46 : { n36 , n45 }
      n47 : { n35 , n46 }
      n48 : { n34 , n47 }
      n49 : { n33 , n48 }
      n50 : { n32 , n49 }
      n51 : { n31 , n50 }
      n52 : { n30 , n51 }
      n53 : { n26 , n52 }
      n54 : { n25 , n53 }
      n55 : { n24 , n54 }
      n56 : { n23 , n55 }
      n57 : { n22 , n56 }
      n58 : { n21 , n57 }
      n59 : { }
      n60 : { n21 , n22 , n23 , n24 , n25 , n26 , n27 , n28 , n29 , n30 , n31 , n32 , n33 , n34 , n35 , n36 , n37 , n38 , n39 , n40 , n41 , n58 , n59 }
      n61 : { n60 }
      n62 : { n60 , n61 }
weights:
      n1 : 26
      n2 : 26
      n3 : 25
      n4 : 24
      n5 : 23
      n6 : 22
      n7 : 21
      n8 : 20
      n9 : 19
      n10 : 29
      n11 : 17
      n12 : 16
      n13 : 29
      n14 : 32
      n15 : 32
      n16 : 32
      n17 : 32
      n18 : 32
      n19 : 32
      n20 : 32
      n21 : 31
      n22 : 31
      n23 : 31
      n24 : 31
      n25 : 31
      n26 : 31
      n27 : 31
      n28 : 28
      n29 : 8
      n30 : 15
      n31 : 16
      n32 : 17
      n33 : 18
      n34 : 19
      n35 : 20
      n36 : 21
      n37 : 22
      n38 : 23
      n39 : 24
      n40 : 25
      n41 : 25
      n42 : 22
      n43 : 21
      n44 : 20
      n45 : 19
      n46 : 18
      n47 : 17
      n48 : 16
      n49 : 15
      n50 : 14
      n51 : 13
      n52 : 12
      n53 : 11
      n54 : 10
      n55 : 9
      n56 : 8
      n57 : 7
      n58 : 6
      n59 : 6
      n60 : 5
      n61 : 2
      n62 : 1
