nodes:
      n1 : loadI 1024 => r7
      n2 : loadI 1028 => r5
      n3 : loadI 1032 => r2
      n4 : loadI 1036 => r0
      n5 : loadI 1040 => r19
      n6 : loadI 1044 => r18
      n7 : load r7 => r11
      n8 : load r5 => r10
      n9 : load r2 => r9
      n10 : store r7 => r5
      n11 : store r5 => r2
      n12 : store r2 => r7
      n13 : load r0 => r14
      n14 : load r19 => r13
      n15 : load r18 => r12
      n16 : output  1048
      n17 : output  1052
      n18 : output  1028
      n19 : loadI 1048 => r17
      n20 : loadI 1052 => r16
      n21 : loadI 1056 => r15
      n22 : store r17 => r7
      n23 : store r16 => r5
      n24 : store r15 => r2
      n25 : store r14 => r11
      n26 : store r13 => r10
      n27 : store r12 => r9
      n28 : load r11 => r4
      n29 : load r10 => r8
      n30 : load r9 => r6
      n31 : store r7 => r8
      n32 : store r5 => r6
      n33 : load r4 => r3
      n34 : load r3 => r1
      n35 : store r2 => r3
      n36 : store r0 => r1
      n37 : output  1028
      n38 : output  1032
edges:
      n1 : { }
      n2 : { }
      n3 : { }
      n4 : { }
      n5 : { }
      n6 : { }
      n7 : { n1 }
      n8 : { n2 }
      n9 : { n3 }
      n10 : { n1 , n2 , n7 , n8 , n9 }
      n11 : { n2 , n3 , n7 , n8 , n9 , n10 }
      n12 : { n1 , n3 , n7 , n8 , n9 , n11 }
      n13 : { n4 , n12 }
      n14 : { n5 , n12 }
      n15 : { n6 , n12 }
      n16 : { n12 }
      n17 : { n12 , n16 }
      n18 : { n12 , n17 }
      n19 : { }
      n20 : { }
      n21 : { }
      n22 : { n1 , n7 , n8 , n9 , n12 , n13 , n14 , n15 , n18 , n19 }
      n23 : { n2 , n7 , n8 , n9 , n13 , n14 , n15 , n18 , n20 , n22 }
      n24 : { n3 , n7 , n8 , n9 , n13 , n14 , n15 , n18 , n21 , n23 }
      n25 : { n7 , n8 , n9 , n13 , n14 , n15 , n18 , n24 }
      n26 : { n7 , n8 , n9 , n13 , n14 , n15 , n18 , n25 }
      n27 : { n7 , n8 , n9 , n13 , n14 , n15 , n18 , n26 }
      n28 : { n7 , n27 }
      n29 : { n8 , n27 }
      n30 : { n9 , n27 }
      n31 : { n1 , n7 , n8 , n9 , n13 , n14 , n15 , n18 , n27 , n28 , n29 , n30 }
      n32 : { n2 , n7 , n8 , n9 , n13 , n14 , n15 , n18 , n28 , n29 , n30 , n31 }
      n33 : { n28 , n32 }
      n34 : { n32 , n33 }
      n35 : { n3 , n7 , n8 , n9 , n13 , n14 , n15 , n18 , n28 , n29 , n30 , n32 , n33 , n34 }
      n36 : { n4 , n7 , n8 , n9 , n13 , n14 , n15 , n18 , n28 , n29 , n30 , n33 , n34 , n35 }
      n37 : { n18 , n36 }
      n38 : { n36 , n37 }
weights:
      n1 : 57
      n2 : 57
      n3 : 57
      n4 : 45
      n5 : 45
      n6 : 45
      n7 : 56
      n8 : 56
      n9 : 56
      n10 : 53
      n11 : 50
      n12 : 47
      n13 : 44
      n14 : 44
      n15 : 44
      n16 : 44
      n17 : 43
      n18 : 42
      n19 : 42
      n20 : 39
      n21 : 36
      n22 : 41
      n23 : 38
      n24 : 35
      n25 : 32
      n26 : 29
      n27 : 26
      n28 : 23
      n29 : 23
      n30 : 23
      n31 : 20
      n32 : 17
      n33 : 14
      n34 : 11
      n35 : 8
      n36 : 5
      n37 : 2
      n38 : 1
