nodes:
      n1 : loadI 1 => r14
      n2 : loadI 1024 => r15
      n3 : loadI 1028 => r13
      n4 : loadI 1032 => r11
      n5 : loadI 1036 => r9
      n6 : loadI 1040 => r7
      n7 : loadI 1044 => r5
      n8 : loadI 1048 => r3
      n9 : loadI 1052 => r1
      n10 : add r14, r14 => r36
      n11 : add r14, r36 => r35
      n12 : add r36, r14 => r34
      n13 : add r14, r35 => r33
      n14 : add r35, r34 => r32
      n15 : add r34, r14 => r31
      n16 : add r14, r33 => r30
      n17 : add r33, r32 => r29
      n18 : add r32, r31 => r28
      n19 : add r31, r14 => r27
      n20 : add r14, r30 => r26
      n21 : add r30, r29 => r25
      n22 : add r29, r28 => r24
      n23 : add r28, r27 => r23
      n24 : add r27, r14 => r22
      n25 : add r14, r26 => r21
      n26 : add r26, r25 => r20
      n27 : add r25, r24 => r19
      n28 : add r24, r23 => r18
      n29 : add r23, r22 => r17
      n30 : add r22, r14 => r16
      n31 : add r14, r21 => r12
      n32 : add r21, r20 => r10
      n33 : add r20, r19 => r8
      n34 : add r19, r18 => r6
      n35 : add r18, r17 => r4
      n36 : add r17, r16 => r2
      n37 : add r16, r14 => r0
      n38 : store r14 => r15
      n39 : store r12 => r13
      n40 : store r10 => r11
      n41 : store r8 => r9
      n42 : store r6 => r7
      n43 : store r4 => r5
      n44 : store r2 => r3
      n45 : store r0 => r1
      n46 : output  1024
      n47 : output  1028
      n48 : output  1032
      n49 : output  1036
      n50 : output  1040
      n51 : output  1044
      n52 : output  1048
      n53 : output  1052
      n54 : output  1024
edges:
      n1 : { }
      n2 : { }
      n3 : { }
      n4 : { }
      n5 : { }
      n6 : { }
      n7 : { }
      n8 : { }
      n9 : { }
      n10 : { n1 }
      n11 : { n1 , n10 }
      n12 : { n1 , n10 }
      n13 : { n1 , n11 }
      n14 : { n11 , n12 }
      n15 : { n1 , n12 }
      n16 : { n1 , n13 }
      n17 : { n13 , n14 }
      n18 : { n14 , n15 }
      n19 : { n1 , n15 }
      n20 : { n1 , n16 }
      n21 : { n16 , n17 }
      n22 : { n17 , n18 }
      n23 : { n18 , n19 }
      n24 : { n1 , n19 }
      n25 : { n1 , n20 }
      n26 : { n20 , n21 }
      n27 : { n21 , n22 }
      n28 : { n22 , n23 }
      n29 : { n23 , n24 }
      n30 : { n1 , n24 }
      n31 : { n1 , n25 }
      n32 : { n25 , n26 }
      n33 : { n26 , n27 }
      n34 : { n27 , n28 }
      n35 : { n28 , n29 }
      n36 : { n29 , n30 }
      n37 : { n1 , n30 }
      n38 : { n1 , n2 }
      n39 : { n3 , n31 , n38 }
      n40 : { n4 , n32 , n39 }
      n41 : { n5 , n33 , n40 }
      n42 : { n6 , n34 , n41 }
      n43 : { n7 , n35 , n42 }
      n44 : { n8 , n36 , n43 }
      n45 : { n9 , n37 , n44 }
      n46 : { n45 }
      n47 : { n45 , n46 }
      n48 : { n45 , n47 }
      n49 : { n45 , n48 }
      n50 : { n45 , n49 }
      n51 : { n45 , n50 }
      n52 : { n45 , n51 }
      n53 : { n45 , n52 }
      n54 : { n45 , n53 }
weights:
      n1 : 38
      n2 : 34
      n3 : 31
      n4 : 28
      n5 : 25
      n6 : 22
      n7 : 19
      n8 : 16
      n9 : 13
      n10 : 37
      n11 : 36
      n12 : 33
      n13 : 35
      n14 : 32
      n15 : 29
      n16 : 34
      n17 : 31
      n18 : 28
      n19 : 25
      n20 : 33
      n21 : 30
      n22 : 27
      n23 : 24
      n24 : 21
      n25 : 32
      n26 : 29
      n27 : 26
      n28 : 23
      n29 : 20
      n30 : 17
      n31 : 31
      n32 : 28
      n33 : 25
      n34 : 22
      n35 : 19
      n36 : 16
      n37 : 13
      n38 : 33
      n39 : 30
      n40 : 27
      n41 : 24
      n42 : 21
      n43 : 18
      n44 : 15
      n45 : 12
      n46 : 9
      n47 : 8
      n48 : 7
      n49 : 6
      n50 : 5
      n51 : 4
      n52 : 3
      n53 : 2
      n54 : 1
