nodes:
      n1 : loadI 2048 => r77
      n2 : load r77 => r27
      n3 : loadI 2052 => r76
      n4 : load r76 => r41
      n5 : loadI 2056 => r75
      n6 : load r75 => r61
      n7 : loadI 2060 => r74
      n8 : load r74 => r58
      n9 : loadI 2064 => r73
      n10 : load r73 => r21
      n11 : loadI 2068 => r72
      n12 : load r72 => r39
      n13 : loadI 2072 => r71
      n14 : load r71 => r59
      n15 : loadI 2076 => r70
      n16 : load r70 => r56
      n17 : loadI 2080 => r69
      n18 : load r69 => r15
      n19 : loadI 2084 => r68
      n20 : load r68 => r36
      n21 : loadI 2088 => r67
      n22 : load r67 => r57
      n23 : loadI 2092 => r66
      n24 : load r66 => r55
      n25 : loadI 2096 => r65
      n26 : load r65 => r9
      n27 : loadI 2100 => r64
      n28 : load r64 => r32
      n29 : loadI 2104 => r63
      n30 : load r63 => r54
      n31 : loadI 2108 => r62
      n32 : load r62 => r60
      n33 : mult r61, r56 => r52
      n34 : mult r61, r55 => r50
      n35 : mult r61, r60 => r48
      n36 : mult r59, r55 => r46
      n37 : mult r59, r60 => r44
      n38 : mult r57, r60 => r42
      n39 : mult r59, r58 => r53
      n40 : mult r57, r58 => r51
      n41 : mult r54, r58 => r49
      n42 : mult r57, r56 => r47
      n43 : mult r54, r56 => r45
      n44 : mult r54, r55 => r43
      n45 : sub r52, r53 => r33
      n46 : sub r50, r51 => r34
      n47 : sub r48, r49 => r37
      n48 : sub r46, r47 => r35
      n49 : sub r44, r45 => r38
      n50 : sub r42, r43 => r40
      n51 : mult r41, r40 => r24
      n52 : mult r41, r38 => r18
      n53 : mult r41, r35 => r12
      n54 : mult r39, r40 => r30
      n55 : mult r39, r37 => r19
      n56 : mult r39, r34 => r13
      n57 : mult r36, r38 => r31
      n58 : mult r36, r37 => r25
      n59 : mult r36, r33 => r11
      n60 : mult r32, r35 => r29
      n61 : mult r32, r34 => r23
      n62 : mult r32, r33 => r17
      n63 : sub r30, r31 => r28
      n64 : add r28, r29 => r26
      n65 : mult r26, r27 => r6
      n66 : sub r24, r25 => r22
      n67 : add r22, r23 => r20
      n68 : mult r20, r21 => r7
      n69 : sub r18, r19 => r16
      n70 : add r16, r17 => r14
      n71 : mult r14, r15 => r5
      n72 : sub r12, r13 => r10
      n73 : add r10, r11 => r8
      n74 : mult r8, r9 => r3
      n75 : sub r6, r7 => r4
      n76 : add r4, r5 => r2
      n77 : sub r2, r3 => r0
      n78 : loadI 2112 => r1
      n79 : store r0 => r1
      n80 : output  2112
edges:
      n1 : { }
      n2 : { n1 }
      n3 : { }
      n4 : { n3 }
      n5 : { }
      n6 : { n5 }
      n7 : { }
      n8 : { n7 }
      n9 : { }
      n10 : { n9 }
      n11 : { }
      n12 : { n11 }
      n13 : { }
      n14 : { n13 }
      n15 : { }
      n16 : { n15 }
      n17 : { }
      n18 : { n17 }
      n19 : { }
      n20 : { n19 }
      n21 : { }
      n22 : { n21 }
      n23 : { }
      n24 : { n23 }
      n25 : { }
      n26 : { n25 }
      n27 : { }
      n28 : { n27 }
      n29 : { }
      n30 : { n29 }
      n31 : { }
      n32 : { n31 }
      n33 : { n6 , n16 }
      n34 : { n6 , n24 }
      n35 : { n6 , n32 }
      n36 : { n14 , n24 }
      n37 : { n14 , n32 }
      n38 : { n22 , n32 }
      n39 : { n8 , n14 }
      n40 : { n8 , n22 }
      n41 : { n8 , n30 }
      n42 : { n16 , n22 }
      n43 : { n16 , n30 }
      n44 : { n24 , n30 }
      n45 : { n33 , n39 }
      n46 : { n34 , n40 }
      n47 : { n35 , n41 }
      n48 : { n36 , n42 }
      n49 : { n37 , n43 }
      n50 : { n38 , n44 }
      n51 : { n4 , n50 }
      n52 : { n4 , n49 }
      n53 : { n4 , n48 }
      n54 : { n12 , n50 }
      n55 : { n12 , n47 }
      n56 : { n12 , n46 }
      n57 : { n20 , n49 }
      n58 : { n20 , n47 }
      n59 : { n20 , n45 }
      n60 : { n28 , n48 }
      n61 : { n28 , n46 }
      n62 : { n28 , n45 }
      n63 : { n54 , n57 }
      n64 : { n60 , n63 }
      n65 : { n2 , n64 }
      n66 : { n51 , n58 }
      n67 : { n61 , n66 }
      n68 : { n10 , n67 }
      n69 : { n52 , n55 }
      n70 : { n62 , n69 }
      n71 : { n18 , n70 }
      n72 : { n53 , n56 }
      n73 : { n59 , n72 }
      n74 : { n26 , n73 }
      n75 : { n65 , n68 }
      n76 : { n71 , n75 }
      n77 : { n74 , n76 }
      n78 : { }
      n79 : { n2 , n4 , n6 , n8 , n10 , n12 , n14 , n16 , n18 , n20 , n22 , n24 , n26 , n28 , n30 , n32 , n77 , n78 }
      n80 : { n79 }
weights:
      n1 : 13
      n2 : 12
      n3 : 17
      n4 : 16
      n5 : 20
      n6 : 19
      n7 : 20
      n8 : 19
      n9 : 13
      n10 : 12
      n11 : 17
      n12 : 16
      n13 : 20
      n14 : 19
      n15 : 20
      n16 : 19
      n17 : 12
      n18 : 11
      n19 : 17
      n20 : 16
      n21 : 20
      n22 : 19
      n23 : 20
      n24 : 19
      n25 : 11
      n26 : 10
      n27 : 16
      n28 : 15
      n29 : 20
      n30 : 19
      n31 : 20
      n32 : 19
      n33 : 14
      n34 : 15
      n35 : 16
      n36 : 15
      n37 : 16
      n38 : 16
      n39 : 14
      n40 : 15
      n41 : 16
      n42 : 15
      n43 : 16
      n44 : 16
      n45 : 12
      n46 : 13
      n47 : 14
      n48 : 13
      n49 : 14
      n50 : 14
      n51 : 13
      n52 : 12
      n53 : 11
      n54 : 13
      n55 : 12
      n56 : 11
      n57 : 13
      n58 : 13
      n59 : 10
      n60 : 12
      n61 : 12
      n62 : 11
      n63 : 11
      n64 : 10
      n65 : 9
      n66 : 11
      n67 : 10
      n68 : 9
      n69 : 10
      n70 : 9
      n71 : 8
      n72 : 9
      n73 : 8
      n74 : 7
      n75 : 7
      n76 : 6
      n77 : 5
      n78 : 5
      n79 : 4
      n80 : 1
