nodes:
      n1 : loadI 2048 => r21
      n2 : loadI 2052 => r30
      n3 : loadI 2056 => r35
      n4 : loadI 2060 => r40
      n5 : loadI 2064 => r45
      n6 : loadI 2068 => r50
      n7 : loadI 2072 => r55
      n8 : loadI 2076 => r60
      n9 : loadI 2080 => r66
      n10 : loadI 2084 => r63
      n11 : loadI 0 => r64
      n12 : loadI 10 => r27
      n13 : loadI 9 => r23
      n14 : loadI 0 => r17
      n15 : loadI 4 => r18
      n16 : mult r64, r23 => r65
      n17 : load r66 => r57
      n18 : add r65, r57 => r16
      n19 : mult r64, r27 => r61
      n20 : load r63 => r62
      n21 : add r61, r62 => r58
      n22 : mult r58, r23 => r59
      n23 : load r60 => r52
      n24 : add r59, r52 => r14
      n25 : mult r58, r27 => r56
      n26 : add r56, r57 => r53
      n27 : mult r53, r23 => r54
      n28 : load r55 => r47
      n29 : add r54, r47 => r12
      n30 : mult r53, r27 => r51
      n31 : add r51, r52 => r48
      n32 : mult r48, r23 => r49
      n33 : load r50 => r42
      n34 : add r49, r42 => r10
      n35 : mult r48, r27 => r46
      n36 : add r46, r47 => r43
      n37 : mult r43, r23 => r44
      n38 : load r45 => r37
      n39 : add r44, r37 => r8
      n40 : mult r43, r27 => r41
      n41 : add r41, r42 => r38
      n42 : mult r38, r23 => r39
      n43 : load r40 => r32
      n44 : add r39, r32 => r6
      n45 : mult r38, r27 => r36
      n46 : add r36, r37 => r33
      n47 : mult r33, r23 => r34
      n48 : load r35 => r25
      n49 : add r34, r25 => r4
      n50 : mult r33, r27 => r31
      n51 : add r31, r32 => r26
      n52 : mult r26, r23 => r28
      n53 : load r30 => r29
      n54 : add r28, r29 => r2
      n55 : mult r26, r27 => r24
      n56 : add r24, r25 => r22
      n57 : mult r22, r23 => r19
      n58 : load r21 => r20
      n59 : add r19, r20 => r0
      n60 : add r17, r18 => r15
      n61 : add r15, r18 => r13
      n62 : add r13, r18 => r11
      n63 : add r11, r18 => r9
      n64 : add r9, r18 => r7
      n65 : add r7, r18 => r5
      n66 : add r5, r18 => r3
      n67 : add r3, r18 => r1
      n68 : store r16 => r17
      n69 : store r14 => r15
      n70 : store r12 => r13
      n71 : store r10 => r11
      n72 : store r8 => r9
      n73 : store r6 => r7
      n74 : store r4 => r5
      n75 : store r2 => r3
      n76 : store r0 => r1
      n77 : output  0
      n78 : output  4
      n79 : output  8
      n80 : output  12
      n81 : output  16
      n82 : output  20
      n83 : output  24
      n84 : output  28
      n85 : output  32
edges:
      n1 : { }
      n2 : { }
      n3 : { }
      n4 : { }
      n5 : { }
      n6 : { }
      n7 : { }
      n8 : { }
      n9 : { }
      n10 : { }
      n11 : { }
      n12 : { }
      n13 : { }
      n14 : { }
      n15 : { }
      n16 : { n11 , n13 }
      n17 : { n9 }
      n18 : { n16 , n17 }
      n19 : { n11 , n12 }
      n20 : { n10 }
      n21 : { n19 , n20 }
      n22 : { n13 , n21 }
      n23 : { n8 }
      n24 : { n22 , n23 }
      n25 : { n12 , n21 }
      n26 : { n17 , n25 }
      n27 : { n13 , n26 }
      n28 : { n7 }
      n29 : { n27 , n28 }
      n30 : { n12 , n26 }
      n31 : { n23 , n30 }
      n32 : { n13 , n31 }
      n33 : { n6 }
      n34 : { n32 , n33 }
      n35 : { n12 , n31 }
      n36 : { n28 , n35 }
      n37 : { n13 , n36 }
      n38 : { n5 }
      n39 : { n37 , n38 }
      n40 : { n12 , n36 }
      n41 : { n33 , n40 }
      n42 : { n13 , n41 }
      n43 : { n4 }
      n44 : { n42 , n43 }
      n45 : { n12 , n41 }
      n46 : { n38 , n45 }
      n47 : { n13 , n46 }
      n48 : { n3 }
      n49 : { n47 , n48 }
      n50 : { n12 , n46 }
      n51 : { n43 , n50 }
      n52 : { n13 , n51 }
      n53 : { n2 }
      n54 : { n52 , n53 }
      n55 : { n12 , n51 }
      n56 : { n48 , n55 }
      n57 : { n13 , n56 }
      n58 : { n1 }
      n59 : { n57 , n58 }
      n60 : { n14 , n15 }
      n61 : { n15 , n60 }
      n62 : { n15 , n61 }
      n63 : { n15 , n62 }
      n64 : { n15 , n63 }
      n65 : { n15 , n64 }
      n66 : { n15 , n65 }
      n67 : { n15 , n66 }
      n68 : { n14 , n17 , n18 , n20 , n23 , n28 , n33 , n38 , n43 , n48 , n53 , n58 }
      n69 : { n17 , n20 , n23 , n24 , n28 , n33 , n38 , n43 , n48 , n53 , n58 , n60 , n68 }
      n70 : { n17 , n20 , n23 , n28 , n29 , n33 , n38 , n43 , n48 , n53 , n58 , n61 , n69 }
      n71 : { n17 , n20 , n23 , n28 , n33 , n34 , n38 , n43 , n48 , n53 , n58 , n62 , n70 }
      n72 : { n17 , n20 , n23 , n28 , n33 , n38 , n39 , n43 , n48 , n53 , n58 , n63 , n71 }
      n73 : { n17 , n20 , n23 , n28 , n33 , n38 , n43 , n44 , n48 , n53 , n58 , n64 , n72 }
      n74 : { n17 , n20 , n23 , n28 , n33 , n38 , n43 , n48 , n49 , n53 , n58 , n65 , n73 }
      n75 : { n17 , n20 , n23 , n28 , n33 , n38 , n43 , n48 , n53 , n54 , n58 , n66 , n74 }
      n76 : { n17 , n20 , n23 , n28 , n33 , n38 , n43 , n48 , n53 , n58 , n59 , n67 , n75 }
      n77 : { n76 }
      n78 : { n76 , n77 }
      n79 : { n76 , n78 }
      n80 : { n76 , n79 }
      n81 : { n76 , n80 }
      n82 : { n76 , n81 }
      n83 : { n76 , n82 }
      n84 : { n76 , n83 }
      n85 : { n76 , n84 }
weights:
      n1 : 40
      n2 : 40
      n3 : 40
      n4 : 40
      n5 : 40
      n6 : 40
      n7 : 40
      n8 : 40
      n9 : 41
      n10 : 41
      n11 : 40
      n12 : 40
      n13 : 40
      n14 : 37
      n15 : 35
      n16 : 39
      n17 : 40
      n18 : 37
      n19 : 39
      n20 : 40
      n21 : 37
      n22 : 36
      n23 : 39
      n24 : 34
      n25 : 36
      n26 : 34
      n27 : 33
      n28 : 39
      n29 : 31
      n30 : 33
      n31 : 31
      n32 : 30
      n33 : 39
      n34 : 28
      n35 : 30
      n36 : 28
      n37 : 27
      n38 : 39
      n39 : 25
      n40 : 27
      n41 : 25
      n42 : 24
      n43 : 39
      n44 : 22
      n45 : 24
      n46 : 22
      n47 : 21
      n48 : 39
      n49 : 19
      n50 : 21
      n51 : 19
      n52 : 18
      n53 : 39
      n54 : 16
      n55 : 18
      n56 : 16
      n57 : 15
      n58 : 39
      n59 : 13
      n60 : 34
      n61 : 31
      n62 : 28
      n63 : 25
      n64 : 22
      n65 : 19
      n66 : 16
      n67 : 13
      n68 : 36
      n69 : 33
      n70 : 30
      n71 : 27
      n72 : 24
      n73 : 21
      n74 : 18
      n75 : 15
      n76 : 12
      n77 : 9
      n78 : 8
      n79 : 7
      n80 : 6
      n81 : 5
      n82 : 4
      n83 : 3
      n84 : 2
      n85 : 1
