nodes:
      n1 : loadI 0 => r997
      n2 : loadI 1 => r38
      n3 : add r997, r38 => r996
      n4 : add r997, r38 => r995
      n5 : add r997, r38 => r994
      n6 : add r997, r38 => r993
      n7 : add r997, r38 => r992
      n8 : add r997, r38 => r991
      n9 : add r997, r38 => r990
      n10 : add r997, r38 => r989
      n11 : add r997, r38 => r988
      n12 : add r997, r38 => r987
      n13 : add r997, r38 => r986
      n14 : add r997, r38 => r985
      n15 : add r997, r38 => r984
      n16 : add r997, r38 => r983
      n17 : add r997, r38 => r982
      n18 : add r997, r38 => r981
      n19 : add r997, r38 => r980
      n20 : add r997, r38 => r979
      n21 : add r997, r38 => r978
      n22 : add r38, r996 => r977
      n23 : add r38, r995 => r976
      n24 : add r38, r994 => r975
      n25 : add r38, r993 => r974
      n26 : add r38, r992 => r973
      n27 : add r38, r991 => r972
      n28 : add r38, r990 => r971
      n29 : add r38, r989 => r970
      n30 : add r38, r988 => r969
      n31 : add r38, r987 => r968
      n32 : add r38, r986 => r967
      n33 : add r38, r985 => r966
      n34 : add r38, r984 => r965
      n35 : add r38, r983 => r964
      n36 : add r38, r982 => r963
      n37 : add r38, r981 => r962
      n38 : add r38, r980 => r961
      n39 : add r38, r979 => r960
      n40 : add r38, r978 => r959
      n41 : add r38, r977 => r958
      n42 : add r38, r976 => r957
      n43 : add r38, r975 => r956
      n44 : add r38, r974 => r955
      n45 : add r38, r973 => r954
      n46 : add r38, r972 => r953
      n47 : add r38, r971 => r952
      n48 : add r38, r970 => r951
      n49 : add r38, r969 => r950
      n50 : add r38, r968 => r949
      n51 : add r38, r967 => r948
      n52 : add r38, r966 => r947
      n53 : add r38, r965 => r946
      n54 : add r38, r964 => r945
      n55 : add r38, r963 => r944
      n56 : add r38, r962 => r943
      n57 : add r38, r961 => r942
      n58 : add r38, r960 => r941
      n59 : add r38, r959 => r940
      n60 : add r38, r958 => r939
      n61 : add r38, r957 => r938
      n62 : add r38, r956 => r937
      n63 : add r38, r955 => r936
      n64 : add r38, r954 => r935
      n65 : add r38, r953 => r934
      n66 : add r38, r952 => r933
      n67 : add r38, r951 => r932
      n68 : add r38, r950 => r931
      n69 : add r38, r949 => r930
      n70 : add r38, r948 => r929
      n71 : add r38, r947 => r928
      n72 : add r38, r946 => r927
      n73 : add r38, r945 => r926
      n74 : add r38, r944 => r925
      n75 : add r38, r943 => r924
      n76 : add r38, r942 => r923
      n77 : add r38, r941 => r922
      n78 : add r38, r940 => r921
      n79 : add r38, r939 => r920
      n80 : add r38, r938 => r919
      n81 : add r38, r937 => r918
      n82 : add r38, r936 => r917
      n83 : add r38, r935 => r916
      n84 : add r38, r934 => r915
      n85 : add r38, r933 => r914
      n86 : add r38, r932 => r913
      n87 : add r38, r931 => r912
      n88 : add r38, r930 => r911
      n89 : add r38, r929 => r910
      n90 : add r38, r928 => r909
      n91 : add r38, r927 => r908
      n92 : add r38, r926 => r907
      n93 : add r38, r925 => r906
      n94 : add r38, r924 => r905
      n95 : add r38, r923 => r904
      n96 : add r38, r922 => r903
      n97 : add r38, r921 => r902
      n98 : add r38, r920 => r901
      n99 : add r38, r919 => r900
      n100 : add r38, r918 => r899
      n101 : add r38, r917 => r898
      n102 : add r38, r916 => r897
      n103 : add r38, r915 => r896
      n104 : add r38, r914 => r895
      n105 : add r38, r913 => r894
      n106 : add r38, r912 => r893
      n107 : add r38, r911 => r892
      n108 : add r38, r910 => r891
      n109 : add r38, r909 => r890
      n110 : add r38, r908 => r889
      n111 : add r38, r907 => r888
      n112 : add r38, r906 => r887
      n113 : add r38, r905 => r886
      n114 : add r38, r904 => r885
      n115 : add r38, r903 => r884
      n116 : add r38, r902 => r883
      n117 : add r38, r901 => r882
      n118 : add r38, r900 => r881
      n119 : add r38, r899 => r880
      n120 : add r38, r898 => r879
      n121 : add r38, r897 => r878
      n122 : add r38, r896 => r877
      n123 : add r38, r895 => r876
      n124 : add r38, r894 => r875
      n125 : add r38, r893 => r874
      n126 : add r38, r892 => r873
      n127 : add r38, r891 => r872
      n128 : add r38, r890 => r871
      n129 : add r38, r889 => r870
      n130 : add r38, r888 => r869
      n131 : add r38, r887 => r868
      n132 : add r38, r886 => r867
      n133 : add r38, r885 => r866
      n134 : add r38, r884 => r865
      n135 : add r38, r883 => r864
      n136 : add r38, r882 => r863
      n137 : add r38, r881 => r862
      n138 : add r38, r880 => r861
      n139 : add r38, r879 => r860
      n140 : add r38, r878 => r859
      n141 : add r38, r877 => r858
      n142 : add r38, r876 => r857
      n143 : add r38, r875 => r856
      n144 : add r38, r874 => r855
      n145 : add r38, r873 => r854
      n146 : add r38, r872 => r853
      n147 : add r38, r871 => r852
      n148 : add r38, r870 => r851
      n149 : add r38, r869 => r850
      n150 : add r38, r868 => r849
      n151 : add r38, r867 => r848
      n152 : add r38, r866 => r847
      n153 : add r38, r865 => r846
      n154 : add r38, r864 => r845
      n155 : add r38, r863 => r844
      n156 : add r38, r862 => r843
      n157 : add r38, r861 => r842
      n158 : add r38, r860 => r841
      n159 : add r38, r859 => r840
      n160 : add r38, r858 => r839
      n161 : add r38, r857 => r838
      n162 : add r38, r856 => r837
      n163 : add r38, r855 => r836
      n164 : add r38, r854 => r835
      n165 : add r38, r853 => r834
      n166 : add r38, r852 => r833
      n167 : add r38, r851 => r832
      n168 : add r38, r850 => r831
      n169 : add r38, r849 => r830
      n170 : add r38, r848 => r829
      n171 : add r38, r847 => r828
      n172 : add r38, r846 => r827
      n173 : add r38, r845 => r826
      n174 : add r38, r844 => r825
      n175 : add r38, r843 => r824
      n176 : add r38, r842 => r823
      n177 : add r38, r841 => r822
      n178 : add r38, r840 => r821
      n179 : add r38, r839 => r820
      n180 : add r38, r838 => r819
      n181 : add r38, r837 => r818
      n182 : add r38, r836 => r817
      n183 : add r38, r835 => r816
      n184 : add r38, r834 => r815
      n185 : add r38, r833 => r814
      n186 : add r38, r832 => r813
      n187 : add r38, r831 => r812
      n188 : add r38, r830 => r811
      n189 : add r38, r829 => r810
      n190 : add r38, r828 => r809
      n191 : add r38, r827 => r808
      n192 : add r38, r826 => r807
      n193 : add r38, r825 => r806
      n194 : add r38, r824 => r805
      n195 : add r38, r823 => r804
      n196 : add r38, r822 => r803
      n197 : add r38, r821 => r802
      n198 : add r38, r820 => r801
      n199 : add r38, r819 => r800
      n200 : add r38, r818 => r799
      n201 : add r38, r817 => r798
      n202 : add r38, r816 => r797
      n203 : add r38, r815 => r796
      n204 : add r38, r814 => r795
      n205 : add r38, r813 => r794
      n206 : add r38, r812 => r793
      n207 : add r38, r811 => r792
      n208 : add r38, r810 => r791
      n209 : add r38, r809 => r790
      n210 : add r38, r808 => r789
      n211 : add r38, r807 => r788
      n212 : add r38, r806 => r787
      n213 : add r38, r805 => r786
      n214 : add r38, r804 => r785
      n215 : add r38, r803 => r784
      n216 : add r38, r802 => r783
      n217 : add r38, r801 => r782
      n218 : add r38, r800 => r781
      n219 : add r38, r799 => r780
      n220 : add r38, r798 => r779
      n221 : add r38, r797 => r778
      n222 : add r38, r796 => r777
      n223 : add r38, r795 => r776
      n224 : add r38, r794 => r775
      n225 : add r38, r793 => r774
      n226 : add r38, r792 => r773
      n227 : add r38, r791 => r772
      n228 : add r38, r790 => r771
      n229 : add r38, r789 => r770
      n230 : add r38, r788 => r769
      n231 : add r38, r787 => r768
      n232 : add r38, r786 => r767
      n233 : add r38, r785 => r766
      n234 : add r38, r784 => r765
      n235 : add r38, r783 => r764
      n236 : add r38, r782 => r763
      n237 : add r38, r781 => r762
      n238 : add r38, r780 => r761
      n239 : add r38, r779 => r760
      n240 : add r38, r778 => r759
      n241 : add r38, r777 => r758
      n242 : add r38, r776 => r757
      n243 : add r38, r775 => r756
      n244 : add r38, r774 => r755
      n245 : add r38, r773 => r754
      n246 : add r38, r772 => r753
      n247 : add r38, r771 => r752
      n248 : add r38, r770 => r751
      n249 : add r38, r769 => r750
      n250 : add r38, r768 => r749
      n251 : add r38, r767 => r748
      n252 : add r38, r766 => r747
      n253 : add r38, r765 => r746
      n254 : add r38, r764 => r745
      n255 : add r38, r763 => r744
      n256 : add r38, r762 => r743
      n257 : add r38, r761 => r742
      n258 : add r38, r760 => r741
      n259 : add r38, r759 => r740
      n260 : add r38, r758 => r739
      n261 : add r38, r757 => r738
      n262 : add r38, r756 => r737
      n263 : add r38, r755 => r736
      n264 : add r38, r754 => r735
      n265 : add r38, r753 => r734
      n266 : add r38, r752 => r733
      n267 : add r38, r751 => r732
      n268 : add r38, r750 => r731
      n269 : add r38, r749 => r730
      n270 : add r38, r748 => r729
      n271 : add r38, r747 => r728
      n272 : add r38, r746 => r727
      n273 : add r38, r745 => r726
      n274 : add r38, r744 => r725
      n275 : add r38, r743 => r724
      n276 : add r38, r742 => r723
      n277 : add r38, r741 => r722
      n278 : add r38, r740 => r721
      n279 : add r38, r739 => r720
      n280 : add r38, r738 => r719
      n281 : add r38, r737 => r718
      n282 : add r38, r736 => r717
      n283 : add r38, r735 => r716
      n284 : add r38, r734 => r715
      n285 : add r38, r733 => r714
      n286 : add r38, r732 => r713
      n287 : add r38, r731 => r712
      n288 : add r38, r730 => r711
      n289 : add r38, r729 => r710
      n290 : add r38, r728 => r709
      n291 : add r38, r727 => r708
      n292 : add r38, r726 => r707
      n293 : add r38, r725 => r706
      n294 : add r38, r724 => r705
      n295 : add r38, r723 => r704
      n296 : add r38, r722 => r703
      n297 : add r38, r721 => r702
      n298 : add r38, r720 => r701
      n299 : add r38, r719 => r700
      n300 : add r38, r718 => r699
      n301 : add r38, r717 => r698
      n302 : add r38, r716 => r697
      n303 : add r38, r715 => r696
      n304 : add r38, r714 => r695
      n305 : add r38, r713 => r694
      n306 : add r38, r712 => r693
      n307 : add r38, r711 => r692
      n308 : add r38, r710 => r691
      n309 : add r38, r709 => r690
      n310 : add r38, r708 => r689
      n311 : add r38, r707 => r688
      n312 : add r38, r706 => r687
      n313 : add r38, r705 => r686
      n314 : add r38, r704 => r685
      n315 : add r38, r703 => r684
      n316 : add r38, r702 => r683
      n317 : add r38, r701 => r682
      n318 : add r38, r700 => r681
      n319 : add r38, r699 => r680
      n320 : add r38, r698 => r679
      n321 : add r38, r697 => r678
      n322 : add r38, r696 => r677
      n323 : add r38, r695 => r676
      n324 : add r38, r694 => r675
      n325 : add r38, r693 => r674
      n326 : add r38, r692 => r673
      n327 : add r38, r691 => r672
      n328 : add r38, r690 => r671
      n329 : add r38, r689 => r670
      n330 : add r38, r688 => r669
      n331 : add r38, r687 => r668
      n332 : add r38, r686 => r667
      n333 : add r38, r685 => r666
      n334 : add r38, r684 => r665
      n335 : add r38, r683 => r664
      n336 : add r38, r682 => r663
      n337 : add r38, r681 => r662
      n338 : add r38, r680 => r661
      n339 : add r38, r679 => r660
      n340 : add r38, r678 => r659
      n341 : add r38, r677 => r658
      n342 : add r38, r676 => r657
      n343 : add r38, r675 => r656
      n344 : add r38, r674 => r655
      n345 : add r38, r673 => r654
      n346 : add r38, r672 => r653
      n347 : add r38, r671 => r652
      n348 : add r38, r670 => r651
      n349 : add r38, r669 => r650
      n350 : add r38, r668 => r649
      n351 : add r38, r667 => r648
      n352 : add r38, r666 => r647
      n353 : add r38, r665 => r646
      n354 : add r38, r664 => r645
      n355 : add r38, r663 => r644
      n356 : add r38, r662 => r643
      n357 : add r38, r661 => r642
      n358 : add r38, r660 => r641
      n359 : add r38, r659 => r640
      n360 : add r38, r658 => r639
      n361 : add r38, r657 => r638
      n362 : add r38, r656 => r637
      n363 : add r38, r655 => r636
      n364 : add r38, r654 => r635
      n365 : add r38, r653 => r634
      n366 : add r38, r652 => r633
      n367 : add r38, r651 => r632
      n368 : add r38, r650 => r631
      n369 : add r38, r649 => r630
      n370 : add r38, r648 => r629
      n371 : add r38, r647 => r628
      n372 : add r38, r646 => r627
      n373 : add r38, r645 => r626
      n374 : add r38, r644 => r625
      n375 : add r38, r643 => r624
      n376 : add r38, r642 => r623
      n377 : add r38, r641 => r622
      n378 : add r38, r640 => r621
      n379 : add r38, r639 => r620
      n380 : add r38, r638 => r619
      n381 : add r38, r637 => r618
      n382 : add r38, r636 => r617
      n383 : add r38, r635 => r616
      n384 : add r38, r634 => r615
      n385 : add r38, r633 => r614
      n386 : add r38, r632 => r613
      n387 : add r38, r631 => r612
      n388 : add r38, r630 => r611
      n389 : add r38, r629 => r610
      n390 : add r38, r628 => r609
      n391 : add r38, r627 => r608
      n392 : add r38, r626 => r607
      n393 : add r38, r625 => r606
      n394 : add r38, r624 => r605
      n395 : add r38, r623 => r604
      n396 : add r38, r622 => r603
      n397 : add r38, r621 => r602
      n398 : add r38, r620 => r601
      n399 : add r38, r619 => r600
      n400 : add r38, r618 => r599
      n401 : add r38, r617 => r598
      n402 : add r38, r616 => r597
      n403 : add r38, r615 => r596
      n404 : add r38, r614 => r595
      n405 : add r38, r613 => r594
      n406 : add r38, r612 => r593
      n407 : add r38, r611 => r592
      n408 : add r38, r610 => r591
      n409 : add r38, r609 => r590
      n410 : add r38, r608 => r589
      n411 : add r38, r607 => r588
      n412 : add r38, r606 => r587
      n413 : add r38, r605 => r586
      n414 : add r38, r604 => r585
      n415 : add r38, r603 => r584
      n416 : add r38, r602 => r583
      n417 : add r38, r601 => r582
      n418 : add r38, r600 => r581
      n419 : add r38, r599 => r580
      n420 : add r38, r598 => r579
      n421 : add r38, r597 => r578
      n422 : add r38, r596 => r577
      n423 : add r38, r595 => r576
      n424 : add r38, r594 => r575
      n425 : add r38, r593 => r574
      n426 : add r38, r592 => r573
      n427 : add r38, r591 => r572
      n428 : add r38, r590 => r571
      n429 : add r38, r589 => r570
      n430 : add r38, r588 => r569
      n431 : add r38, r587 => r568
      n432 : add r38, r586 => r567
      n433 : add r38, r585 => r566
      n434 : add r38, r584 => r565
      n435 : add r38, r583 => r564
      n436 : add r38, r582 => r563
      n437 : add r38, r581 => r562
      n438 : add r38, r580 => r561
      n439 : add r38, r579 => r560
      n440 : add r38, r578 => r559
      n441 : add r38, r577 => r558
      n442 : add r38, r576 => r557
      n443 : add r38, r575 => r556
      n444 : add r38, r574 => r555
      n445 : add r38, r573 => r554
      n446 : add r38, r572 => r553
      n447 : add r38, r571 => r552
      n448 : add r38, r570 => r551
      n449 : add r38, r569 => r550
      n450 : add r38, r568 => r549
      n451 : add r38, r567 => r548
      n452 : add r38, r566 => r547
      n453 : add r38, r565 => r546
      n454 : add r38, r564 => r545
      n455 : add r38, r563 => r544
      n456 : add r38, r562 => r543
      n457 : add r38, r561 => r542
      n458 : add r38, r560 => r541
      n459 : add r38, r559 => r540
      n460 : add r38, r558 => r539
      n461 : add r38, r557 => r538
      n462 : add r38, r556 => r537
      n463 : add r38, r555 => r536
      n464 : add r38, r554 => r535
      n465 : add r38, r553 => r534
      n466 : add r38, r552 => r533
      n467 : add r38, r551 => r532
      n468 : add r38, r550 => r531
      n469 : add r38, r549 => r530
      n470 : add r38, r548 => r529
      n471 : add r38, r547 => r528
      n472 : add r38, r546 => r527
      n473 : add r38, r545 => r526
      n474 : add r38, r544 => r525
      n475 : add r38, r543 => r524
      n476 : add r38, r542 => r523
      n477 : add r38, r541 => r522
      n478 : add r38, r540 => r521
      n479 : add r38, r539 => r520
      n480 : add r38, r538 => r519
      n481 : add r38, r537 => r518
      n482 : add r38, r536 => r517
      n483 : add r38, r535 => r516
      n484 : add r38, r534 => r515
      n485 : add r38, r533 => r514
      n486 : add r38, r532 => r513
      n487 : add r38, r531 => r512
      n488 : add r38, r530 => r511
      n489 : add r38, r529 => r510
      n490 : add r38, r528 => r509
      n491 : add r38, r527 => r508
      n492 : add r38, r526 => r507
      n493 : add r38, r525 => r506
      n494 : add r38, r524 => r505
      n495 : add r38, r523 => r504
      n496 : add r38, r522 => r503
      n497 : add r38, r521 => r502
      n498 : add r38, r520 => r501
      n499 : add r38, r519 => r500
      n500 : add r38, r518 => r499
      n501 : add r38, r517 => r498
      n502 : add r38, r516 => r497
      n503 : add r38, r515 => r496
      n504 : add r38, r514 => r495
      n505 : add r38, r513 => r494
      n506 : add r38, r512 => r493
      n507 : add r38, r511 => r492
      n508 : add r38, r510 => r491
      n509 : add r38, r509 => r490
      n510 : add r38, r508 => r489
      n511 : add r38, r507 => r488
      n512 : add r38, r506 => r487
      n513 : add r38, r505 => r486
      n514 : add r38, r504 => r485
      n515 : add r38, r503 => r484
      n516 : add r38, r502 => r483
      n517 : add r38, r501 => r482
      n518 : add r38, r500 => r481
      n519 : add r38, r499 => r480
      n520 : add r38, r498 => r479
      n521 : add r38, r497 => r478
      n522 : add r38, r496 => r477
      n523 : add r38, r495 => r476
      n524 : add r38, r494 => r475
      n525 : add r38, r493 => r474
      n526 : add r38, r492 => r473
      n527 : add r38, r491 => r472
      n528 : add r38, r490 => r471
      n529 : add r38, r489 => r470
      n530 : add r38, r488 => r469
      n531 : add r38, r487 => r468
      n532 : add r38, r486 => r467
      n533 : add r38, r485 => r466
      n534 : add r38, r484 => r465
      n535 : add r38, r483 => r464
      n536 : add r38, r482 => r463
      n537 : add r38, r481 => r462
      n538 : add r38, r480 => r461
      n539 : add r38, r479 => r460
      n540 : add r38, r478 => r459
      n541 : add r38, r477 => r458
      n542 : add r38, r476 => r457
      n543 : add r38, r475 => r456
      n544 : add r38, r474 => r455
      n545 : add r38, r473 => r454
      n546 : add r38, r472 => r453
      n547 : add r38, r471 => r452
      n548 : add r38, r470 => r451
      n549 : add r38, r469 => r450
      n550 : add r38, r468 => r449
      n551 : add r38, r467 => r448
      n552 : add r38, r466 => r447
      n553 : add r38, r465 => r446
      n554 : add r38, r464 => r445
      n555 : add r38, r463 => r444
      n556 : add r38, r462 => r443
      n557 : add r38, r461 => r442
      n558 : add r38, r460 => r441
      n559 : add r38, r459 => r440
      n560 : add r38, r458 => r439
      n561 : add r38, r457 => r438
      n562 : add r38, r456 => r437
      n563 : add r38, r455 => r436
      n564 : add r38, r454 => r435
      n565 : add r38, r453 => r434
      n566 : add r38, r452 => r433
      n567 : add r38, r451 => r432
      n568 : add r38, r450 => r431
      n569 : add r38, r449 => r430
      n570 : add r38, r448 => r429
      n571 : add r38, r447 => r428
      n572 : add r38, r446 => r427
      n573 : add r38, r445 => r426
      n574 : add r38, r444 => r425
      n575 : add r38, r443 => r424
      n576 : add r38, r442 => r423
      n577 : add r38, r441 => r422
      n578 : add r38, r440 => r421
      n579 : add r38, r439 => r420
      n580 : add r38, r438 => r419
      n581 : add r38, r437 => r418
      n582 : add r38, r436 => r417
      n583 : add r38, r435 => r416
      n584 : add r38, r434 => r415
      n585 : add r38, r433 => r414
      n586 : add r38, r432 => r413
      n587 : add r38, r431 => r412
      n588 : add r38, r430 => r411
      n589 : add r38, r429 => r410
      n590 : add r38, r428 => r409
      n591 : add r38, r427 => r408
      n592 : add r38, r426 => r407
      n593 : add r38, r425 => r406
      n594 : add r38, r424 => r405
      n595 : add r38, r423 => r404
      n596 : add r38, r422 => r403
      n597 : add r38, r421 => r402
      n598 : add r38, r420 => r401
      n599 : add r38, r419 => r400
      n600 : add r38, r418 => r399
      n601 : add r38, r417 => r398
      n602 : add r38, r416 => r397
      n603 : add r38, r415 => r396
      n604 : add r38, r414 => r395
      n605 : add r38, r413 => r394
      n606 : add r38, r412 => r393
      n607 : add r38, r411 => r392
      n608 : add r38, r410 => r391
      n609 : add r38, r409 => r390
      n610 : add r38, r408 => r389
      n611 : add r38, r407 => r388
      n612 : add r38, r406 => r387
      n613 : add r38, r405 => r386
      n614 : add r38, r404 => r385
      n615 : add r38, r403 => r384
      n616 : add r38, r402 => r383
      n617 : add r38, r401 => r382
      n618 : add r38, r400 => r381
      n619 : add r38, r399 => r380
      n620 : add r38, r398 => r379
      n621 : add r38, r397 => r378
      n622 : add r38, r396 => r377
      n623 : add r38, r395 => r376
      n624 : add r38, r394 => r375
      n625 : add r38, r393 => r374
      n626 : add r38, r392 => r373
      n627 : add r38, r391 => r372
      n628 : add r38, r390 => r371
      n629 : add r38, r389 => r370
      n630 : add r38, r388 => r369
      n631 : add r38, r387 => r368
      n632 : add r38, r386 => r367
      n633 : add r38, r385 => r366
      n634 : add r38, r384 => r365
      n635 : add r38, r383 => r364
      n636 : add r38, r382 => r363
      n637 : add r38, r381 => r362
      n638 : add r38, r380 => r361
      n639 : add r38, r379 => r360
      n640 : add r38, r378 => r359
      n641 : add r38, r377 => r358
      n642 : add r38, r376 => r357
      n643 : add r38, r375 => r356
      n644 : add r38, r374 => r355
      n645 : add r38, r373 => r354
      n646 : add r38, r372 => r353
      n647 : add r38, r371 => r352
      n648 : add r38, r370 => r351
      n649 : add r38, r369 => r350
      n650 : add r38, r368 => r349
      n651 : add r38, r367 => r348
      n652 : add r38, r366 => r347
      n653 : add r38, r365 => r346
      n654 : add r38, r364 => r345
      n655 : add r38, r363 => r344
      n656 : add r38, r362 => r343
      n657 : add r38, r361 => r342
      n658 : add r38, r360 => r341
      n659 : add r38, r359 => r340
      n660 : add r38, r358 => r339
      n661 : add r38, r357 => r338
      n662 : add r38, r356 => r337
      n663 : add r38, r355 => r336
      n664 : add r38, r354 => r335
      n665 : add r38, r353 => r334
      n666 : add r38, r352 => r333
      n667 : add r38, r351 => r332
      n668 : add r38, r350 => r331
      n669 : add r38, r349 => r330
      n670 : add r38, r348 => r329
      n671 : add r38, r347 => r328
      n672 : add r38, r346 => r327
      n673 : add r38, r345 => r326
      n674 : add r38, r344 => r325
      n675 : add r38, r343 => r324
      n676 : add r38, r342 => r323
      n677 : add r38, r341 => r322
      n678 : add r38, r340 => r321
      n679 : add r38, r339 => r320
      n680 : add r38, r338 => r319
      n681 : add r38, r337 => r318
      n682 : add r38, r336 => r317
      n683 : add r38, r335 => r316
      n684 : add r38, r334 => r315
      n685 : add r38, r333 => r314
      n686 : add r38, r332 => r313
      n687 : add r38, r331 => r312
      n688 : add r38, r330 => r311
      n689 : add r38, r329 => r310
      n690 : add r38, r328 => r309
      n691 : add r38, r327 => r308
      n692 : add r38, r326 => r307
      n693 : add r38, r325 => r306
      n694 : add r38, r324 => r305
      n695 : add r38, r323 => r304
      n696 : add r38, r322 => r303
      n697 : add r38, r321 => r302
      n698 : add r38, r320 => r301
      n699 : add r38, r319 => r300
      n700 : add r38, r318 => r299
      n701 : add r38, r317 => r298
      n702 : add r38, r316 => r297
      n703 : add r38, r315 => r296
      n704 : add r38, r314 => r295
      n705 : add r38, r313 => r294
      n706 : add r38, r312 => r293
      n707 : add r38, r311 => r292
      n708 : add r38, r310 => r291
      n709 : add r38, r309 => r290
      n710 : add r38, r308 => r289
      n711 : add r38, r307 => r288
      n712 : add r38, r306 => r287
      n713 : add r38, r305 => r286
      n714 : add r38, r304 => r285
      n715 : add r38, r303 => r284
      n716 : add r38, r302 => r283
      n717 : add r38, r301 => r282
      n718 : add r38, r300 => r281
      n719 : add r38, r299 => r280
      n720 : add r38, r298 => r279
      n721 : add r38, r297 => r278
      n722 : add r38, r296 => r277
      n723 : add r38, r295 => r276
      n724 : add r38, r294 => r275
      n725 : add r38, r293 => r274
      n726 : add r38, r292 => r273
      n727 : add r38, r291 => r272
      n728 : add r38, r290 => r271
      n729 : add r38, r289 => r270
      n730 : add r38, r288 => r269
      n731 : add r38, r287 => r268
      n732 : add r38, r286 => r267
      n733 : add r38, r285 => r266
      n734 : add r38, r284 => r265
      n735 : add r38, r283 => r264
      n736 : add r38, r282 => r263
      n737 : add r38, r281 => r262
      n738 : add r38, r280 => r261
      n739 : add r38, r279 => r260
      n740 : add r38, r278 => r259
      n741 : add r38, r277 => r258
      n742 : add r38, r276 => r257
      n743 : add r38, r275 => r256
      n744 : add r38, r274 => r255
      n745 : add r38, r273 => r254
      n746 : add r38, r272 => r253
      n747 : add r38, r271 => r252
      n748 : add r38, r270 => r251
      n749 : add r38, r269 => r250
      n750 : add r38, r268 => r249
      n751 : add r38, r267 => r248
      n752 : add r38, r266 => r247
      n753 : add r38, r265 => r246
      n754 : add r38, r264 => r245
      n755 : add r38, r263 => r244
      n756 : add r38, r262 => r243
      n757 : add r38, r261 => r242
      n758 : add r38, r260 => r241
      n759 : add r38, r259 => r240
      n760 : add r38, r258 => r239
      n761 : add r38, r257 => r238
      n762 : add r38, r256 => r237
      n763 : add r38, r255 => r236
      n764 : add r38, r254 => r235
      n765 : add r38, r253 => r234
      n766 : add r38, r252 => r233
      n767 : add r38, r251 => r232
      n768 : add r38, r250 => r231
      n769 : add r38, r249 => r230
      n770 : add r38, r248 => r229
      n771 : add r38, r247 => r228
      n772 : add r38, r246 => r227
      n773 : add r38, r245 => r226
      n774 : add r38, r244 => r225
      n775 : add r38, r243 => r224
      n776 : add r38, r242 => r223
      n777 : add r38, r241 => r222
      n778 : add r38, r240 => r221
      n779 : add r38, r239 => r220
      n780 : add r38, r238 => r219
      n781 : add r38, r237 => r218
      n782 : add r38, r236 => r217
      n783 : add r38, r235 => r216
      n784 : add r38, r234 => r215
      n785 : add r38, r233 => r214
      n786 : add r38, r232 => r213
      n787 : add r38, r231 => r212
      n788 : add r38, r230 => r211
      n789 : add r38, r229 => r210
      n790 : add r38, r228 => r209
      n791 : add r38, r227 => r208
      n792 : add r38, r226 => r207
      n793 : add r38, r225 => r206
      n794 : add r38, r224 => r205
      n795 : add r38, r223 => r204
      n796 : add r38, r222 => r203
      n797 : add r38, r221 => r202
      n798 : add r38, r220 => r201
      n799 : add r38, r219 => r200
      n800 : add r38, r218 => r199
      n801 : add r38, r217 => r198
      n802 : add r38, r216 => r197
      n803 : add r38, r215 => r196
      n804 : add r38, r214 => r195
      n805 : add r38, r213 => r194
      n806 : add r38, r212 => r193
      n807 : add r38, r211 => r192
      n808 : add r38, r210 => r191
      n809 : add r38, r209 => r190
      n810 : add r38, r208 => r189
      n811 : add r38, r207 => r188
      n812 : add r38, r206 => r187
      n813 : add r38, r205 => r186
      n814 : add r38, r204 => r185
      n815 : add r38, r203 => r184
      n816 : add r38, r202 => r183
      n817 : add r38, r201 => r182
      n818 : add r38, r200 => r181
      n819 : add r38, r199 => r180
      n820 : add r38, r198 => r179
      n821 : add r38, r197 => r178
      n822 : add r38, r196 => r177
      n823 : add r38, r195 => r176
      n824 : add r38, r194 => r175
      n825 : add r38, r193 => r174
      n826 : add r38, r192 => r173
      n827 : add r38, r191 => r172
      n828 : add r38, r190 => r171
      n829 : add r38, r189 => r170
      n830 : add r38, r188 => r169
      n831 : add r38, r187 => r168
      n832 : add r38, r186 => r167
      n833 : add r38, r185 => r166
      n834 : add r38, r184 => r165
      n835 : add r38, r183 => r164
      n836 : add r38, r182 => r163
      n837 : add r38, r181 => r162
      n838 : add r38, r180 => r161
      n839 : add r38, r179 => r160
      n840 : add r38, r178 => r159
      n841 : add r38, r177 => r158
      n842 : add r38, r176 => r157
      n843 : add r38, r175 => r156
      n844 : add r38, r174 => r155
      n845 : add r38, r173 => r154
      n846 : add r38, r172 => r153
      n847 : add r38, r171 => r152
      n848 : add r38, r170 => r151
      n849 : add r38, r169 => r150
      n850 : add r38, r168 => r149
      n851 : add r38, r167 => r148
      n852 : add r38, r166 => r147
      n853 : add r38, r165 => r146
      n854 : add r38, r164 => r145
      n855 : add r38, r163 => r144
      n856 : add r38, r162 => r143
      n857 : add r38, r161 => r142
      n858 : add r38, r160 => r141
      n859 : add r38, r159 => r140
      n860 : add r38, r158 => r139
      n861 : add r38, r157 => r138
      n862 : add r38, r156 => r137
      n863 : add r38, r155 => r136
      n864 : add r38, r154 => r135
      n865 : add r38, r153 => r134
      n866 : add r38, r152 => r133
      n867 : add r38, r151 => r132
      n868 : add r38, r150 => r131
      n869 : add r38, r149 => r130
      n870 : add r38, r148 => r129
      n871 : add r38, r147 => r128
      n872 : add r38, r146 => r127
      n873 : add r38, r145 => r126
      n874 : add r38, r144 => r125
      n875 : add r38, r143 => r124
      n876 : add r38, r142 => r123
      n877 : add r38, r141 => r122
      n878 : add r38, r140 => r121
      n879 : add r38, r139 => r120
      n880 : add r38, r138 => r119
      n881 : add r38, r137 => r118
      n882 : add r38, r136 => r117
      n883 : add r38, r135 => r116
      n884 : add r38, r134 => r115
      n885 : add r38, r133 => r114
      n886 : add r38, r132 => r113
      n887 : add r38, r131 => r112
      n888 : add r38, r130 => r111
      n889 : add r38, r129 => r110
      n890 : add r38, r128 => r109
      n891 : add r38, r127 => r108
      n892 : add r38, r126 => r107
      n893 : add r38, r125 => r106
      n894 : add r38, r124 => r105
      n895 : add r38, r123 => r104
      n896 : add r38, r122 => r103
      n897 : add r38, r121 => r102
      n898 : add r38, r120 => r101
      n899 : add r38, r119 => r100
      n900 : add r38, r118 => r99
      n901 : add r38, r117 => r98
      n902 : add r38, r116 => r97
      n903 : add r38, r115 => r96
      n904 : add r38, r114 => r95
      n905 : add r38, r113 => r94
      n906 : add r38, r112 => r93
      n907 : add r38, r111 => r92
      n908 : add r38, r110 => r91
      n909 : add r38, r109 => r90
      n910 : add r38, r108 => r89
      n911 : add r38, r107 => r88
      n912 : add r38, r106 => r87
      n913 : add r38, r105 => r86
      n914 : add r38, r104 => r85
      n915 : add r38, r103 => r84
      n916 : add r38, r102 => r83
      n917 : add r38, r101 => r82
      n918 : add r38, r100 => r81
      n919 : add r38, r99 => r80
      n920 : add r38, r98 => r79
      n921 : add r38, r97 => r78
      n922 : add r38, r96 => r77
      n923 : add r38, r95 => r76
      n924 : add r38, r94 => r75
      n925 : add r38, r93 => r74
      n926 : add r38, r92 => r73
      n927 : add r38, r91 => r72
      n928 : add r38, r90 => r71
      n929 : add r38, r89 => r70
      n930 : add r38, r88 => r69
      n931 : add r38, r87 => r68
      n932 : add r38, r86 => r67
      n933 : add r38, r85 => r66
      n934 : add r38, r84 => r65
      n935 : add r38, r83 => r64
      n936 : add r38, r82 => r63
      n937 : add r38, r81 => r62
      n938 : add r38, r80 => r61
      n939 : add r38, r79 => r60
      n940 : add r38, r78 => r59
      n941 : add r38, r77 => r58
      n942 : add r38, r76 => r57
      n943 : add r38, r75 => r56
      n944 : add r38, r74 => r55
      n945 : add r38, r73 => r54
      n946 : add r38, r72 => r53
      n947 : add r38, r71 => r52
      n948 : add r38, r70 => r51
      n949 : add r38, r69 => r50
      n950 : add r38, r68 => r49
      n951 : add r38, r67 => r48
      n952 : add r38, r66 => r47
      n953 : add r38, r65 => r46
      n954 : add r38, r64 => r45
      n955 : add r38, r63 => r44
      n956 : add r38, r62 => r43
      n957 : add r38, r61 => r42
      n958 : add r38, r60 => r41
      n959 : add r38, r59 => r40
      n960 : add r38, r58 => r25
      n961 : add r38, r57 => r23
      n962 : add r38, r56 => r21
      n963 : add r38, r55 => r19
      n964 : add r38, r54 => r17
      n965 : add r38, r53 => r15
      n966 : add r38, r52 => r13
      n967 : add r38, r51 => r11
      n968 : add r38, r50 => r9
      n969 : add r38, r49 => r7
      n970 : add r38, r48 => r5
      n971 : add r38, r47 => r3
      n972 : add r38, r46 => r39
      n973 : add r38, r45 => r37
      n974 : add r38, r44 => r35
      n975 : add r38, r43 => r33
      n976 : add r38, r42 => r31
      n977 : add r38, r41 => r29
      n978 : add r38, r40 => r27
      n979 : add r38, r39 => r36
      n980 : add r36, r37 => r34
      n981 : add r34, r35 => r32
      n982 : add r32, r33 => r30
      n983 : add r30, r31 => r28
      n984 : add r28, r29 => r26
      n985 : add r26, r27 => r24
      n986 : add r24, r25 => r22
      n987 : add r22, r23 => r20
      n988 : add r20, r21 => r18
      n989 : add r18, r19 => r16
      n990 : add r16, r17 => r14
      n991 : add r14, r15 => r12
      n992 : add r12, r13 => r10
      n993 : add r10, r11 => r8
      n994 : add r8, r9 => r6
      n995 : add r6, r7 => r4
      n996 : add r4, r5 => r2
      n997 : add r2, r3 => r0
      n998 : loadI 1024 => r1
      n999 : store r0 => r1
      n1000 : output  1024
edges:
      n1 : { }
      n2 : { }
      n3 : { n1 , n2 }
      n4 : { n1 , n2 }
      n5 : { n1 , n2 }
      n6 : { n1 , n2 }
      n7 : { n1 , n2 }
      n8 : { n1 , n2 }
      n9 : { n1 , n2 }
      n10 : { n1 , n2 }
      n11 : { n1 , n2 }
      n12 : { n1 , n2 }
      n13 : { n1 , n2 }
      n14 : { n1 , n2 }
      n15 : { n1 , n2 }
      n16 : { n1 , n2 }
      n17 : { n1 , n2 }
      n18 : { n1 , n2 }
      n19 : { n1 , n2 }
      n20 : { n1 , n2 }
      n21 : { n1 , n2 }
      n22 : { n2 , n3 }
      n23 : { n2 , n4 }
      n24 : { n2 , n5 }
      n25 : { n2 , n6 }
      n26 : { n2 , n7 }
      n27 : { n2 , n8 }
      n28 : { n2 , n9 }
      n29 : { n2 , n10 }
      n30 : { n2 , n11 }
      n31 : { n2 , n12 }
      n32 : { n2 , n13 }
      n33 : { n2 , n14 }
      n34 : { n2 , n15 }
      n35 : { n2 , n16 }
      n36 : { n2 , n17 }
      n37 : { n2 , n18 }
      n38 : { n2 , n19 }
      n39 : { n2 , n20 }
      n40 : { n2 , n21 }
      n41 : { n2 , n22 }
      n42 : { n2 , n23 }
      n43 : { n2 , n24 }
      n44 : { n2 , n25 }
      n45 : { n2 , n26 }
      n46 : { n2 , n27 }
      n47 : { n2 , n28 }
      n48 : { n2 , n29 }
      n49 : { n2 , n30 }
      n50 : { n2 , n31 }
      n51 : { n2 , n32 }
      n52 : { n2 , n33 }
      n53 : { n2 , n34 }
      n54 : { n2 , n35 }
      n55 : { n2 , n36 }
      n56 : { n2 , n37 }
      n57 : { n2 , n38 }
      n58 : { n2 , n39 }
      n59 : { n2 , n40 }
      n60 : { n2 , n41 }
      n61 : { n2 , n42 }
      n62 : { n2 , n43 }
      n63 : { n2 , n44 }
      n64 : { n2 , n45 }
      n65 : { n2 , n46 }
      n66 : { n2 , n47 }
      n67 : { n2 , n48 }
      n68 : { n2 , n49 }
      n69 : { n2 , n50 }
      n70 : { n2 , n51 }
      n71 : { n2 , n52 }
      n72 : { n2 , n53 }
      n73 : { n2 , n54 }
      n74 : { n2 , n55 }
      n75 : { n2 , n56 }
      n76 : { n2 , n57 }
      n77 : { n2 , n58 }
      n78 : { n2 , n59 }
      n79 : { n2 , n60 }
      n80 : { n2 , n61 }
      n81 : { n2 , n62 }
      n82 : { n2 , n63 }
      n83 : { n2 , n64 }
      n84 : { n2 , n65 }
      n85 : { n2 , n66 }
      n86 : { n2 , n67 }
      n87 : { n2 , n68 }
      n88 : { n2 , n69 }
      n89 : { n2 , n70 }
      n90 : { n2 , n71 }
      n91 : { n2 , n72 }
      n92 : { n2 , n73 }
      n93 : { n2 , n74 }
      n94 : { n2 , n75 }
      n95 : { n2 , n76 }
      n96 : { n2 , n77 }
      n97 : { n2 , n78 }
      n98 : { n2 , n79 }
      n99 : { n2 , n80 }
      n100 : { n2 , n81 }
      n101 : { n2 , n82 }
      n102 : { n2 , n83 }
      n103 : { n2 , n84 }
      n104 : { n2 , n85 }
      n105 : { n2 , n86 }
      n106 : { n2 , n87 }
      n107 : { n2 , n88 }
      n108 : { n2 , n89 }
      n109 : { n2 , n90 }
      n110 : { n2 , n91 }
      n111 : { n2 , n92 }
      n112 : { n2 , n93 }
      n113 : { n2 , n94 }
      n114 : { n2 , n95 }
      n115 : { n2 , n96 }
      n116 : { n2 , n97 }
      n117 : { n2 , n98 }
      n118 : { n2 , n99 }
      n119 : { n2 , n100 }
      n120 : { n2 , n101 }
      n121 : { n2 , n102 }
      n122 : { n2 , n103 }
      n123 : { n2 , n104 }
      n124 : { n2 , n105 }
      n125 : { n2 , n106 }
      n126 : { n2 , n107 }
      n127 : { n2 , n108 }
      n128 : { n2 , n109 }
      n129 : { n2 , n110 }
      n130 : { n2 , n111 }
      n131 : { n2 , n112 }
      n132 : { n2 , n113 }
      n133 : { n2 , n114 }
      n134 : { n2 , n115 }
      n135 : { n2 , n116 }
      n136 : { n2 , n117 }
      n137 : { n2 , n118 }
      n138 : { n2 , n119 }
      n139 : { n2 , n120 }
      n140 : { n2 , n121 }
      n141 : { n2 , n122 }
      n142 : { n2 , n123 }
      n143 : { n2 , n124 }
      n144 : { n2 , n125 }
      n145 : { n2 , n126 }
      n146 : { n2 , n127 }
      n147 : { n2 , n128 }
      n148 : { n2 , n129 }
      n149 : { n2 , n130 }
      n150 : { n2 , n131 }
      n151 : { n2 , n132 }
      n152 : { n2 , n133 }
      n153 : { n2 , n134 }
      n154 : { n2 , n135 }
      n155 : { n2 , n136 }
      n156 : { n2 , n137 }
      n157 : { n2 , n138 }
      n158 : { n2 , n139 }
      n159 : { n2 , n140 }
      n160 : { n2 , n141 }
      n161 : { n2 , n142 }
      n162 : { n2 , n143 }
      n163 : { n2 , n144 }
      n164 : { n2 , n145 }
      n165 : { n2 , n146 }
      n166 : { n2 , n147 }
      n167 : { n2 , n148 }
      n168 : { n2 , n149 }
      n169 : { n2 , n150 }
      n170 : { n2 , n151 }
      n171 : { n2 , n152 }
      n172 : { n2 , n153 }
      n173 : { n2 , n154 }
      n174 : { n2 , n155 }
      n175 : { n2 , n156 }
      n176 : { n2 , n157 }
      n177 : { n2 , n158 }
      n178 : { n2 , n159 }
      n179 : { n2 , n160 }
      n180 : { n2 , n161 }
      n181 : { n2 , n162 }
      n182 : { n2 , n163 }
      n183 : { n2 , n164 }
      n184 : { n2 , n165 }
      n185 : { n2 , n166 }
      n186 : { n2 , n167 }
      n187 : { n2 , n168 }
      n188 : { n2 , n169 }
      n189 : { n2 , n170 }
      n190 : { n2 , n171 }
      n191 : { n2 , n172 }
      n192 : { n2 , n173 }
      n193 : { n2 , n174 }
      n194 : { n2 , n175 }
      n195 : { n2 , n176 }
      n196 : { n2 , n177 }
      n197 : { n2 , n178 }
      n198 : { n2 , n179 }
      n199 : { n2 , n180 }
      n200 : { n2 , n181 }
      n201 : { n2 , n182 }
      n202 : { n2 , n183 }
      n203 : { n2 , n184 }
      n204 : { n2 , n185 }
      n205 : { n2 , n186 }
      n206 : { n2 , n187 }
      n207 : { n2 , n188 }
      n208 : { n2 , n189 }
      n209 : { n2 , n190 }
      n210 : { n2 , n191 }
      n211 : { n2 , n192 }
      n212 : { n2 , n193 }
      n213 : { n2 , n194 }
      n214 : { n2 , n195 }
      n215 : { n2 , n196 }
      n216 : { n2 , n197 }
      n217 : { n2 , n198 }
      n218 : { n2 , n199 }
      n219 : { n2 , n200 }
      n220 : { n2 , n201 }
      n221 : { n2 , n202 }
      n222 : { n2 , n203 }
      n223 : { n2 , n204 }
      n224 : { n2 , n205 }
      n225 : { n2 , n206 }
      n226 : { n2 , n207 }
      n227 : { n2 , n208 }
      n228 : { n2 , n209 }
      n229 : { n2 , n210 }
      n230 : { n2 , n211 }
      n231 : { n2 , n212 }
      n232 : { n2 , n213 }
      n233 : { n2 , n214 }
      n234 : { n2 , n215 }
      n235 : { n2 , n216 }
      n236 : { n2 , n217 }
      n237 : { n2 , n218 }
      n238 : { n2 , n219 }
      n239 : { n2 , n220 }
      n240 : { n2 , n221 }
      n241 : { n2 , n222 }
      n242 : { n2 , n223 }
      n243 : { n2 , n224 }
      n244 : { n2 , n225 }
      n245 : { n2 , n226 }
      n246 : { n2 , n227 }
      n247 : { n2 , n228 }
      n248 : { n2 , n229 }
      n249 : { n2 , n230 }
      n250 : { n2 , n231 }
      n251 : { n2 , n232 }
      n252 : { n2 , n233 }
      n253 : { n2 , n234 }
      n254 : { n2 , n235 }
      n255 : { n2 , n236 }
      n256 : { n2 , n237 }
      n257 : { n2 , n238 }
      n258 : { n2 , n239 }
      n259 : { n2 , n240 }
      n260 : { n2 , n241 }
      n261 : { n2 , n242 }
      n262 : { n2 , n243 }
      n263 : { n2 , n244 }
      n264 : { n2 , n245 }
      n265 : { n2 , n246 }
      n266 : { n2 , n247 }
      n267 : { n2 , n248 }
      n268 : { n2 , n249 }
      n269 : { n2 , n250 }
      n270 : { n2 , n251 }
      n271 : { n2 , n252 }
      n272 : { n2 , n253 }
      n273 : { n2 , n254 }
      n274 : { n2 , n255 }
      n275 : { n2 , n256 }
      n276 : { n2 , n257 }
      n277 : { n2 , n258 }
      n278 : { n2 , n259 }
      n279 : { n2 , n260 }
      n280 : { n2 , n261 }
      n281 : { n2 , n262 }
      n282 : { n2 , n263 }
      n283 : { n2 , n264 }
      n284 : { n2 , n265 }
      n285 : { n2 , n266 }
      n286 : { n2 , n267 }
      n287 : { n2 , n268 }
      n288 : { n2 , n269 }
      n289 : { n2 , n270 }
      n290 : { n2 , n271 }
      n291 : { n2 , n272 }
      n292 : { n2 , n273 }
      n293 : { n2 , n274 }
      n294 : { n2 , n275 }
      n295 : { n2 , n276 }
      n296 : { n2 , n277 }
      n297 : { n2 , n278 }
      n298 : { n2 , n279 }
      n299 : { n2 , n280 }
      n300 : { n2 , n281 }
      n301 : { n2 , n282 }
      n302 : { n2 , n283 }
      n303 : { n2 , n284 }
      n304 : { n2 , n285 }
      n305 : { n2 , n286 }
      n306 : { n2 , n287 }
      n307 : { n2 , n288 }
      n308 : { n2 , n289 }
      n309 : { n2 , n290 }
      n310 : { n2 , n291 }
      n311 : { n2 , n292 }
      n312 : { n2 , n293 }
      n313 : { n2 , n294 }
      n314 : { n2 , n295 }
      n315 : { n2 , n296 }
      n316 : { n2 , n297 }
      n317 : { n2 , n298 }
      n318 : { n2 , n299 }
      n319 : { n2 , n300 }
      n320 : { n2 , n301 }
      n321 : { n2 , n302 }
      n322 : { n2 , n303 }
      n323 : { n2 , n304 }
      n324 : { n2 , n305 }
      n325 : { n2 , n306 }
      n326 : { n2 , n307 }
      n327 : { n2 , n308 }
      n328 : { n2 , n309 }
      n329 : { n2 , n310 }
      n330 : { n2 , n311 }
      n331 : { n2 , n312 }
      n332 : { n2 , n313 }
      n333 : { n2 , n314 }
      n334 : { n2 , n315 }
      n335 : { n2 , n316 }
      n336 : { n2 , n317 }
      n337 : { n2 , n318 }
      n338 : { n2 , n319 }
      n339 : { n2 , n320 }
      n340 : { n2 , n321 }
      n341 : { n2 , n322 }
      n342 : { n2 , n323 }
      n343 : { n2 , n324 }
      n344 : { n2 , n325 }
      n345 : { n2 , n326 }
      n346 : { n2 , n327 }
      n347 : { n2 , n328 }
      n348 : { n2 , n329 }
      n349 : { n2 , n330 }
      n350 : { n2 , n331 }
      n351 : { n2 , n332 }
      n352 : { n2 , n333 }
      n353 : { n2 , n334 }
      n354 : { n2 , n335 }
      n355 : { n2 , n336 }
      n356 : { n2 , n337 }
      n357 : { n2 , n338 }
      n358 : { n2 , n339 }
      n359 : { n2 , n340 }
      n360 : { n2 , n341 }
      n361 : { n2 , n342 }
      n362 : { n2 , n343 }
      n363 : { n2 , n344 }
      n364 : { n2 , n345 }
      n365 : { n2 , n346 }
      n366 : { n2 , n347 }
      n367 : { n2 , n348 }
      n368 : { n2 , n349 }
      n369 : { n2 , n350 }
      n370 : { n2 , n351 }
      n371 : { n2 , n352 }
      n372 : { n2 , n353 }
      n373 : { n2 , n354 }
      n374 : { n2 , n355 }
      n375 : { n2 , n356 }
      n376 : { n2 , n357 }
      n377 : { n2 , n358 }
      n378 : { n2 , n359 }
      n379 : { n2 , n360 }
      n380 : { n2 , n361 }
      n381 : { n2 , n362 }
      n382 : { n2 , n363 }
      n383 : { n2 , n364 }
      n384 : { n2 , n365 }
      n385 : { n2 , n366 }
      n386 : { n2 , n367 }
      n387 : { n2 , n368 }
      n388 : { n2 , n369 }
      n389 : { n2 , n370 }
      n390 : { n2 , n371 }
      n391 : { n2 , n372 }
      n392 : { n2 , n373 }
      n393 : { n2 , n374 }
      n394 : { n2 , n375 }
      n395 : { n2 , n376 }
      n396 : { n2 , n377 }
      n397 : { n2 , n378 }
      n398 : { n2 , n379 }
      n399 : { n2 , n380 }
      n400 : { n2 , n381 }
      n401 : { n2 , n382 }
      n402 : { n2 , n383 }
      n403 : { n2 , n384 }
      n404 : { n2 , n385 }
      n405 : { n2 , n386 }
      n406 : { n2 , n387 }
      n407 : { n2 , n388 }
      n408 : { n2 , n389 }
      n409 : { n2 , n390 }
      n410 : { n2 , n391 }
      n411 : { n2 , n392 }
      n412 : { n2 , n393 }
      n413 : { n2 , n394 }
      n414 : { n2 , n395 }
      n415 : { n2 , n396 }
      n416 : { n2 , n397 }
      n417 : { n2 , n398 }
      n418 : { n2 , n399 }
      n419 : { n2 , n400 }
      n420 : { n2 , n401 }
      n421 : { n2 , n402 }
      n422 : { n2 , n403 }
      n423 : { n2 , n404 }
      n424 : { n2 , n405 }
      n425 : { n2 , n406 }
      n426 : { n2 , n407 }
      n427 : { n2 , n408 }
      n428 : { n2 , n409 }
      n429 : { n2 , n410 }
      n430 : { n2 , n411 }
      n431 : { n2 , n412 }
      n432 : { n2 , n413 }
      n433 : { n2 , n414 }
      n434 : { n2 , n415 }
      n435 : { n2 , n416 }
      n436 : { n2 , n417 }
      n437 : { n2 , n418 }
      n438 : { n2 , n419 }
      n439 : { n2 , n420 }
      n440 : { n2 , n421 }
      n441 : { n2 , n422 }
      n442 : { n2 , n423 }
      n443 : { n2 , n424 }
      n444 : { n2 , n425 }
      n445 : { n2 , n426 }
      n446 : { n2 , n427 }
      n447 : { n2 , n428 }
      n448 : { n2 , n429 }
      n449 : { n2 , n430 }
      n450 : { n2 , n431 }
      n451 : { n2 , n432 }
      n452 : { n2 , n433 }
      n453 : { n2 , n434 }
      n454 : { n2 , n435 }
      n455 : { n2 , n436 }
      n456 : { n2 , n437 }
      n457 : { n2 , n438 }
      n458 : { n2 , n439 }
      n459 : { n2 , n440 }
      n460 : { n2 , n441 }
      n461 : { n2 , n442 }
      n462 : { n2 , n443 }
      n463 : { n2 , n444 }
      n464 : { n2 , n445 }
      n465 : { n2 , n446 }
      n466 : { n2 , n447 }
      n467 : { n2 , n448 }
      n468 : { n2 , n449 }
      n469 : { n2 , n450 }
      n470 : { n2 , n451 }
      n471 : { n2 , n452 }
      n472 : { n2 , n453 }
      n473 : { n2 , n454 }
      n474 : { n2 , n455 }
      n475 : { n2 , n456 }
      n476 : { n2 , n457 }
      n477 : { n2 , n458 }
      n478 : { n2 , n459 }
      n479 : { n2 , n460 }
      n480 : { n2 , n461 }
      n481 : { n2 , n462 }
      n482 : { n2 , n463 }
      n483 : { n2 , n464 }
      n484 : { n2 , n465 }
      n485 : { n2 , n466 }
      n486 : { n2 , n467 }
      n487 : { n2 , n468 }
      n488 : { n2 , n469 }
      n489 : { n2 , n470 }
      n490 : { n2 , n471 }
      n491 : { n2 , n472 }
      n492 : { n2 , n473 }
      n493 : { n2 , n474 }
      n494 : { n2 , n475 }
      n495 : { n2 , n476 }
      n496 : { n2 , n477 }
      n497 : { n2 , n478 }
      n498 : { n2 , n479 }
      n499 : { n2 , n480 }
      n500 : { n2 , n481 }
      n501 : { n2 , n482 }
      n502 : { n2 , n483 }
      n503 : { n2 , n484 }
      n504 : { n2 , n485 }
      n505 : { n2 , n486 }
      n506 : { n2 , n487 }
      n507 : { n2 , n488 }
      n508 : { n2 , n489 }
      n509 : { n2 , n490 }
      n510 : { n2 , n491 }
      n511 : { n2 , n492 }
      n512 : { n2 , n493 }
      n513 : { n2 , n494 }
      n514 : { n2 , n495 }
      n515 : { n2 , n496 }
      n516 : { n2 , n497 }
      n517 : { n2 , n498 }
      n518 : { n2 , n499 }
      n519 : { n2 , n500 }
      n520 : { n2 , n501 }
      n521 : { n2 , n502 }
      n522 : { n2 , n503 }
      n523 : { n2 , n504 }
      n524 : { n2 , n505 }
      n525 : { n2 , n506 }
      n526 : { n2 , n507 }
      n527 : { n2 , n508 }
      n528 : { n2 , n509 }
      n529 : { n2 , n510 }
      n530 : { n2 , n511 }
      n531 : { n2 , n512 }
      n532 : { n2 , n513 }
      n533 : { n2 , n514 }
      n534 : { n2 , n515 }
      n535 : { n2 , n516 }
      n536 : { n2 , n517 }
      n537 : { n2 , n518 }
      n538 : { n2 , n519 }
      n539 : { n2 , n520 }
      n540 : { n2 , n521 }
      n541 : { n2 , n522 }
      n542 : { n2 , n523 }
      n543 : { n2 , n524 }
      n544 : { n2 , n525 }
      n545 : { n2 , n526 }
      n546 : { n2 , n527 }
      n547 : { n2 , n528 }
      n548 : { n2 , n529 }
      n549 : { n2 , n530 }
      n550 : { n2 , n531 }
      n551 : { n2 , n532 }
      n552 : { n2 , n533 }
      n553 : { n2 , n534 }
      n554 : { n2 , n535 }
      n555 : { n2 , n536 }
      n556 : { n2 , n537 }
      n557 : { n2 , n538 }
      n558 : { n2 , n539 }
      n559 : { n2 , n540 }
      n560 : { n2 , n541 }
      n561 : { n2 , n542 }
      n562 : { n2 , n543 }
      n563 : { n2 , n544 }
      n564 : { n2 , n545 }
      n565 : { n2 , n546 }
      n566 : { n2 , n547 }
      n567 : { n2 , n548 }
      n568 : { n2 , n549 }
      n569 : { n2 , n550 }
      n570 : { n2 , n551 }
      n571 : { n2 , n552 }
      n572 : { n2 , n553 }
      n573 : { n2 , n554 }
      n574 : { n2 , n555 }
      n575 : { n2 , n556 }
      n576 : { n2 , n557 }
      n577 : { n2 , n558 }
      n578 : { n2 , n559 }
      n579 : { n2 , n560 }
      n580 : { n2 , n561 }
      n581 : { n2 , n562 }
      n582 : { n2 , n563 }
      n583 : { n2 , n564 }
      n584 : { n2 , n565 }
      n585 : { n2 , n566 }
      n586 : { n2 , n567 }
      n587 : { n2 , n568 }
      n588 : { n2 , n569 }
      n589 : { n2 , n570 }
      n590 : { n2 , n571 }
      n591 : { n2 , n572 }
      n592 : { n2 , n573 }
      n593 : { n2 , n574 }
      n594 : { n2 , n575 }
      n595 : { n2 , n576 }
      n596 : { n2 , n577 }
      n597 : { n2 , n578 }
      n598 : { n2 , n579 }
      n599 : { n2 , n580 }
      n600 : { n2 , n581 }
      n601 : { n2 , n582 }
      n602 : { n2 , n583 }
      n603 : { n2 , n584 }
      n604 : { n2 , n585 }
      n605 : { n2 , n586 }
      n606 : { n2 , n587 }
      n607 : { n2 , n588 }
      n608 : { n2 , n589 }
      n609 : { n2 , n590 }
      n610 : { n2 , n591 }
      n611 : { n2 , n592 }
      n612 : { n2 , n593 }
      n613 : { n2 , n594 }
      n614 : { n2 , n595 }
      n615 : { n2 , n596 }
      n616 : { n2 , n597 }
      n617 : { n2 , n598 }
      n618 : { n2 , n599 }
      n619 : { n2 , n600 }
      n620 : { n2 , n601 }
      n621 : { n2 , n602 }
      n622 : { n2 , n603 }
      n623 : { n2 , n604 }
      n624 : { n2 , n605 }
      n625 : { n2 , n606 }
      n626 : { n2 , n607 }
      n627 : { n2 , n608 }
      n628 : { n2 , n609 }
      n629 : { n2 , n610 }
      n630 : { n2 , n611 }
      n631 : { n2 , n612 }
      n632 : { n2 , n613 }
      n633 : { n2 , n614 }
      n634 : { n2 , n615 }
      n635 : { n2 , n616 }
      n636 : { n2 , n617 }
      n637 : { n2 , n618 }
      n638 : { n2 , n619 }
      n639 : { n2 , n620 }
      n640 : { n2 , n621 }
      n641 : { n2 , n622 }
      n642 : { n2 , n623 }
      n643 : { n2 , n624 }
      n644 : { n2 , n625 }
      n645 : { n2 , n626 }
      n646 : { n2 , n627 }
      n647 : { n2 , n628 }
      n648 : { n2 , n629 }
      n649 : { n2 , n630 }
      n650 : { n2 , n631 }
      n651 : { n2 , n632 }
      n652 : { n2 , n633 }
      n653 : { n2 , n634 }
      n654 : { n2 , n635 }
      n655 : { n2 , n636 }
      n656 : { n2 , n637 }
      n657 : { n2 , n638 }
      n658 : { n2 , n639 }
      n659 : { n2 , n640 }
      n660 : { n2 , n641 }
      n661 : { n2 , n642 }
      n662 : { n2 , n643 }
      n663 : { n2 , n644 }
      n664 : { n2 , n645 }
      n665 : { n2 , n646 }
      n666 : { n2 , n647 }
      n667 : { n2 , n648 }
      n668 : { n2 , n649 }
      n669 : { n2 , n650 }
      n670 : { n2 , n651 }
      n671 : { n2 , n652 }
      n672 : { n2 , n653 }
      n673 : { n2 , n654 }
      n674 : { n2 , n655 }
      n675 : { n2 , n656 }
      n676 : { n2 , n657 }
      n677 : { n2 , n658 }
      n678 : { n2 , n659 }
      n679 : { n2 , n660 }
      n680 : { n2 , n661 }
      n681 : { n2 , n662 }
      n682 : { n2 , n663 }
      n683 : { n2 , n664 }
      n684 : { n2 , n665 }
      n685 : { n2 , n666 }
      n686 : { n2 , n667 }
      n687 : { n2 , n668 }
      n688 : { n2 , n669 }
      n689 : { n2 , n670 }
      n690 : { n2 , n671 }
      n691 : { n2 , n672 }
      n692 : { n2 , n673 }
      n693 : { n2 , n674 }
      n694 : { n2 , n675 }
      n695 : { n2 , n676 }
      n696 : { n2 , n677 }
      n697 : { n2 , n678 }
      n698 : { n2 , n679 }
      n699 : { n2 , n680 }
      n700 : { n2 , n681 }
      n701 : { n2 , n682 }
      n702 : { n2 , n683 }
      n703 : { n2 , n684 }
      n704 : { n2 , n685 }
      n705 : { n2 , n686 }
      n706 : { n2 , n687 }
      n707 : { n2 , n688 }
      n708 : { n2 , n689 }
      n709 : { n2 , n690 }
      n710 : { n2 , n691 }
      n711 : { n2 , n692 }
      n712 : { n2 , n693 }
      n713 : { n2 , n694 }
      n714 : { n2 , n695 }
      n715 : { n2 , n696 }
      n716 : { n2 , n697 }
      n717 : { n2 , n698 }
      n718 : { n2 , n699 }
      n719 : { n2 , n700 }
      n720 : { n2 , n701 }
      n721 : { n2 , n702 }
      n722 : { n2 , n703 }
      n723 : { n2 , n704 }
      n724 : { n2 , n705 }
      n725 : { n2 , n706 }
      n726 : { n2 , n707 }
      n727 : { n2 , n708 }
      n728 : { n2 , n709 }
      n729 : { n2 , n710 }
      n730 : { n2 , n711 }
      n731 : { n2 , n712 }
      n732 : { n2 , n713 }
      n733 : { n2 , n714 }
      n734 : { n2 , n715 }
      n735 : { n2 , n716 }
      n736 : { n2 , n717 }
      n737 : { n2 , n718 }
      n738 : { n2 , n719 }
      n739 : { n2 , n720 }
      n740 : { n2 , n721 }
      n741 : { n2 , n722 }
      n742 : { n2 , n723 }
      n743 : { n2 , n724 }
      n744 : { n2 , n725 }
      n745 : { n2 , n726 }
      n746 : { n2 , n727 }
      n747 : { n2 , n728 }
      n748 : { n2 , n729 }
      n749 : { n2 , n730 }
      n750 : { n2 , n731 }
      n751 : { n2 , n732 }
      n752 : { n2 , n733 }
      n753 : { n2 , n734 }
      n754 : { n2 , n735 }
      n755 : { n2 , n736 }
      n756 : { n2 , n737 }
      n757 : { n2 , n738 }
      n758 : { n2 , n739 }
      n759 : { n2 , n740 }
      n760 : { n2 , n741 }
      n761 : { n2 , n742 }
      n762 : { n2 , n743 }
      n763 : { n2 , n744 }
      n764 : { n2 , n745 }
      n765 : { n2 , n746 }
      n766 : { n2 , n747 }
      n767 : { n2 , n748 }
      n768 : { n2 , n749 }
      n769 : { n2 , n750 }
      n770 : { n2 , n751 }
      n771 : { n2 , n752 }
      n772 : { n2 , n753 }
      n773 : { n2 , n754 }
      n774 : { n2 , n755 }
      n775 : { n2 , n756 }
      n776 : { n2 , n757 }
      n777 : { n2 , n758 }
      n778 : { n2 , n759 }
      n779 : { n2 , n760 }
      n780 : { n2 , n761 }
      n781 : { n2 , n762 }
      n782 : { n2 , n763 }
      n783 : { n2 , n764 }
      n784 : { n2 , n765 }
      n785 : { n2 , n766 }
      n786 : { n2 , n767 }
      n787 : { n2 , n768 }
      n788 : { n2 , n769 }
      n789 : { n2 , n770 }
      n790 : { n2 , n771 }
      n791 : { n2 , n772 }
      n792 : { n2 , n773 }
      n793 : { n2 , n774 }
      n794 : { n2 , n775 }
      n795 : { n2 , n776 }
      n796 : { n2 , n777 }
      n797 : { n2 , n778 }
      n798 : { n2 , n779 }
      n799 : { n2 , n780 }
      n800 : { n2 , n781 }
      n801 : { n2 , n782 }
      n802 : { n2 , n783 }
      n803 : { n2 , n784 }
      n804 : { n2 , n785 }
      n805 : { n2 , n786 }
      n806 : { n2 , n787 }
      n807 : { n2 , n788 }
      n808 : { n2 , n789 }
      n809 : { n2 , n790 }
      n810 : { n2 , n791 }
      n811 : { n2 , n792 }
      n812 : { n2 , n793 }
      n813 : { n2 , n794 }
      n814 : { n2 , n795 }
      n815 : { n2 , n796 }
      n816 : { n2 , n797 }
      n817 : { n2 , n798 }
      n818 : { n2 , n799 }
      n819 : { n2 , n800 }
      n820 : { n2 , n801 }
      n821 : { n2 , n802 }
      n822 : { n2 , n803 }
      n823 : { n2 , n804 }
      n824 : { n2 , n805 }
      n825 : { n2 , n806 }
      n826 : { n2 , n807 }
      n827 : { n2 , n808 }
      n828 : { n2 , n809 }
      n829 : { n2 , n810 }
      n830 : { n2 , n811 }
      n831 : { n2 , n812 }
      n832 : { n2 , n813 }
      n833 : { n2 , n814 }
      n834 : { n2 , n815 }
      n835 : { n2 , n816 }
      n836 : { n2 , n817 }
      n837 : { n2 , n818 }
      n838 : { n2 , n819 }
      n839 : { n2 , n820 }
      n840 : { n2 , n821 }
      n841 : { n2 , n822 }
      n842 : { n2 , n823 }
      n843 : { n2 , n824 }
      n844 : { n2 , n825 }
      n845 : { n2 , n826 }
      n846 : { n2 , n827 }
      n847 : { n2 , n828 }
      n848 : { n2 , n829 }
      n849 : { n2 , n830 }
      n850 : { n2 , n831 }
      n851 : { n2 , n832 }
      n852 : { n2 , n833 }
      n853 : { n2 , n834 }
      n854 : { n2 , n835 }
      n855 : { n2 , n836 }
      n856 : { n2 , n837 }
      n857 : { n2 , n838 }
      n858 : { n2 , n839 }
      n859 : { n2 , n840 }
      n860 : { n2 , n841 }
      n861 : { n2 , n842 }
      n862 : { n2 , n843 }
      n863 : { n2 , n844 }
      n864 : { n2 , n845 }
      n865 : { n2 , n846 }
      n866 : { n2 , n847 }
      n867 : { n2 , n848 }
      n868 : { n2 , n849 }
      n869 : { n2 , n850 }
      n870 : { n2 , n851 }
      n871 : { n2 , n852 }
      n872 : { n2 , n853 }
      n873 : { n2 , n854 }
      n874 : { n2 , n855 }
      n875 : { n2 , n856 }
      n876 : { n2 , n857 }
      n877 : { n2 , n858 }
      n878 : { n2 , n859 }
      n879 : { n2 , n860 }
      n880 : { n2 , n861 }
      n881 : { n2 , n862 }
      n882 : { n2 , n863 }
      n883 : { n2 , n864 }
      n884 : { n2 , n865 }
      n885 : { n2 , n866 }
      n886 : { n2 , n867 }
      n887 : { n2 , n868 }
      n888 : { n2 , n869 }
      n889 : { n2 , n870 }
      n890 : { n2 , n871 }
      n891 : { n2 , n872 }
      n892 : { n2 , n873 }
      n893 : { n2 , n874 }
      n894 : { n2 , n875 }
      n895 : { n2 , n876 }
      n896 : { n2 , n877 }
      n897 : { n2 , n878 }
      n898 : { n2 , n879 }
      n899 : { n2 , n880 }
      n900 : { n2 , n881 }
      n901 : { n2 , n882 }
      n902 : { n2 , n883 }
      n903 : { n2 , n884 }
      n904 : { n2 , n885 }
      n905 : { n2 , n886 }
      n906 : { n2 , n887 }
      n907 : { n2 , n888 }
      n908 : { n2 , n889 }
      n909 : { n2 , n890 }
      n910 : { n2 , n891 }
      n911 : { n2 , n892 }
      n912 : { n2 , n893 }
      n913 : { n2 , n894 }
      n914 : { n2 , n895 }
      n915 : { n2 , n896 }
      n916 : { n2 , n897 }
      n917 : { n2 , n898 }
      n918 : { n2 , n899 }
      n919 : { n2 , n900 }
      n920 : { n2 , n901 }
      n921 : { n2 , n902 }
      n922 : { n2 , n903 }
      n923 : { n2 , n904 }
      n924 : { n2 , n905 }
      n925 : { n2 , n906 }
      n926 : { n2 , n907 }
      n927 : { n2 , n908 }
      n928 : { n2 , n909 }
      n929 : { n2 , n910 }
      n930 : { n2 , n911 }
      n931 : { n2 , n912 }
      n932 : { n2 , n913 }
      n933 : { n2 , n914 }
      n934 : { n2 , n915 }
      n935 : { n2 , n916 }
      n936 : { n2 , n917 }
      n937 : { n2 , n918 }
      n938 : { n2 , n919 }
      n939 : { n2 , n920 }
      n940 : { n2 , n921 }
      n941 : { n2 , n922 }
      n942 : { n2 , n923 }
      n943 : { n2 , n924 }
      n944 : { n2 , n925 }
      n945 : { n2 , n926 }
      n946 : { n2 , n927 }
      n947 : { n2 , n928 }
      n948 : { n2 , n929 }
      n949 : { n2 , n930 }
      n950 : { n2 , n931 }
      n951 : { n2 , n932 }
      n952 : { n2 , n933 }
      n953 : { n2 , n934 }
      n954 : { n2 , n935 }
      n955 : { n2 , n936 }
      n956 : { n2 , n937 }
      n957 : { n2 , n938 }
      n958 : { n2 , n939 }
      n959 : { n2 , n940 }
      n960 : { n2 , n941 }
      n961 : { n2 , n942 }
      n962 : { n2 , n943 }
      n963 : { n2 , n944 }
      n964 : { n2 , n945 }
      n965 : { n2 , n946 }
      n966 : { n2 , n947 }
      n967 : { n2 , n948 }
      n968 : { n2 , n949 }
      n969 : { n2 , n950 }
      n970 : { n2 , n951 }
      n971 : { n2 , n952 }
      n972 : { n2 , n953 }
      n973 : { n2 , n954 }
      n974 : { n2 , n955 }
      n975 : { n2 , n956 }
      n976 : { n2 , n957 }
      n977 : { n2 , n958 }
      n978 : { n2 , n959 }
      n979 : { n2 , n972 }
      n980 : { n973 , n979 }
      n981 : { n974 , n980 }
      n982 : { n975 , n981 }
      n983 : { n976 , n982 }
      n984 : { n977 , n983 }
      n985 : { n978 , n984 }
      n986 : { n960 , n985 }
      n987 : { n961 , n986 }
      n988 : { n962 , n987 }
      n989 : { n963 , n988 }
      n990 : { n964 , n989 }
      n991 : { n965 , n990 }
      n992 : { n966 , n991 }
      n993 : { n967 , n992 }
      n994 : { n968 , n993 }
      n995 : { n969 , n994 }
      n996 : { n970 , n995 }
      n997 : { n971 , n996 }
      n998 : { }
      n999 : { n997 , n998 }
      n1000 : { n999 }
weights:
      n1 : 76
      n2 : 76
      n3 : 75
      n4 : 74
      n5 : 73
      n6 : 72
      n7 : 71
      n8 : 70
      n9 : 69
      n10 : 67
      n11 : 66
      n12 : 65
      n13 : 64
      n14 : 63
      n15 : 62
      n16 : 61
      n17 : 60
      n18 : 59
      n19 : 58
      n20 : 57
      n21 : 56
      n22 : 74
      n23 : 73
      n24 : 72
      n25 : 71
      n26 : 70
      n27 : 69
      n28 : 68
      n29 : 66
      n30 : 65
      n31 : 64
      n32 : 63
      n33 : 62
      n34 : 61
      n35 : 60
      n36 : 59
      n37 : 58
      n38 : 57
      n39 : 56
      n40 : 55
      n41 : 73
      n42 : 72
      n43 : 71
      n44 : 70
      n45 : 69
      n46 : 68
      n47 : 67
      n48 : 65
      n49 : 64
      n50 : 63
      n51 : 62
      n52 : 61
      n53 : 60
      n54 : 59
      n55 : 58
      n56 : 57
      n57 : 56
      n58 : 55
      n59 : 54
      n60 : 72
      n61 : 71
      n62 : 70
      n63 : 69
      n64 : 68
      n65 : 67
      n66 : 66
      n67 : 64
      n68 : 63
      n69 : 62
      n70 : 61
      n71 : 60
      n72 : 59
      n73 : 58
      n74 : 57
      n75 : 56
      n76 : 55
      n77 : 54
      n78 : 53
      n79 : 71
      n80 : 70
      n81 : 69
      n82 : 68
      n83 : 67
      n84 : 66
      n85 : 65
      n86 : 63
      n87 : 62
      n88 : 61
      n89 : 60
      n90 : 59
      n91 : 58
      n92 : 57
      n93 : 56
      n94 : 55
      n95 : 54
      n96 : 53
      n97 : 52
      n98 : 70
      n99 : 69
      n100 : 68
      n101 : 67
      n102 : 66
      n103 : 65
      n104 : 64
      n105 : 62
      n106 : 61
      n107 : 60
      n108 : 59
      n109 : 58
      n110 : 57
      n111 : 56
      n112 : 55
      n113 : 54
      n114 : 53
      n115 : 52
      n116 : 51
      n117 : 69
      n118 : 68
      n119 : 67
      n120 : 66
      n121 : 65
      n122 : 64
      n123 : 63
      n124 : 61
      n125 : 60
      n126 : 59
      n127 : 58
      n128 : 57
      n129 : 56
      n130 : 55
      n131 : 54
      n132 : 53
      n133 : 52
      n134 : 51
      n135 : 50
      n136 : 68
      n137 : 67
      n138 : 66
      n139 : 65
      n140 : 64
      n141 : 63
      n142 : 62
      n143 : 60
      n144 : 59
      n145 : 58
      n146 : 57
      n147 : 56
      n148 : 55
      n149 : 54
      n150 : 53
      n151 : 52
      n152 : 51
      n153 : 50
      n154 : 49
      n155 : 67
      n156 : 66
      n157 : 65
      n158 : 64
      n159 : 63
      n160 : 62
      n161 : 61
      n162 : 59
      n163 : 58
      n164 : 57
      n165 : 56
      n166 : 55
      n167 : 54
      n168 : 53
      n169 : 52
      n170 : 51
      n171 : 50
      n172 : 49
      n173 : 48
      n174 : 66
      n175 : 65
      n176 : 64
      n177 : 63
      n178 : 62
      n179 : 61
      n180 : 60
      n181 : 58
      n182 : 57
      n183 : 56
      n184 : 55
      n185 : 54
      n186 : 53
      n187 : 52
      n188 : 51
      n189 : 50
      n190 : 49
      n191 : 48
      n192 : 47
      n193 : 65
      n194 : 64
      n195 : 63
      n196 : 62
      n197 : 61
      n198 : 60
      n199 : 59
      n200 : 57
      n201 : 56
      n202 : 55
      n203 : 54
      n204 : 53
      n205 : 52
      n206 : 51
      n207 : 50
      n208 : 49
      n209 : 48
      n210 : 47
      n211 : 46
      n212 : 64
      n213 : 63
      n214 : 62
      n215 : 61
      n216 : 60
      n217 : 59
      n218 : 58
      n219 : 56
      n220 : 55
      n221 : 54
      n222 : 53
      n223 : 52
      n224 : 51
      n225 : 50
      n226 : 49
      n227 : 48
      n228 : 47
      n229 : 46
      n230 : 45
      n231 : 63
      n232 : 62
      n233 : 61
      n234 : 60
      n235 : 59
      n236 : 58
      n237 : 57
      n238 : 55
      n239 : 54
      n240 : 53
      n241 : 52
      n242 : 51
      n243 : 50
      n244 : 49
      n245 : 48
      n246 : 47
      n247 : 46
      n248 : 45
      n249 : 44
      n250 : 62
      n251 : 61
      n252 : 60
      n253 : 59
      n254 : 58
      n255 : 57
      n256 : 56
      n257 : 54
      n258 : 53
      n259 : 52
      n260 : 51
      n261 : 50
      n262 : 49
      n263 : 48
      n264 : 47
      n265 : 46
      n266 : 45
      n267 : 44
      n268 : 43
      n269 : 61
      n270 : 60
      n271 : 59
      n272 : 58
      n273 : 57
      n274 : 56
      n275 : 55
      n276 : 53
      n277 : 52
      n278 : 51
      n279 : 50
      n280 : 49
      n281 : 48
      n282 : 47
      n283 : 46
      n284 : 45
      n285 : 44
      n286 : 43
      n287 : 42
      n288 : 60
      n289 : 59
      n290 : 58
      n291 : 57
      n292 : 56
      n293 : 55
      n294 : 54
      n295 : 52
      n296 : 51
      n297 : 50
      n298 : 49
      n299 : 48
      n300 : 47
      n301 : 46
      n302 : 45
      n303 : 44
      n304 : 43
      n305 : 42
      n306 : 41
      n307 : 59
      n308 : 58
      n309 : 57
      n310 : 56
      n311 : 55
      n312 : 54
      n313 : 53
      n314 : 51
      n315 : 50
      n316 : 49
      n317 : 48
      n318 : 47
      n319 : 46
      n320 : 45
      n321 : 44
      n322 : 43
      n323 : 42
      n324 : 41
      n325 : 40
      n326 : 58
      n327 : 57
      n328 : 56
      n329 : 55
      n330 : 54
      n331 : 53
      n332 : 52
      n333 : 50
      n334 : 49
      n335 : 48
      n336 : 47
      n337 : 46
      n338 : 45
      n339 : 44
      n340 : 43
      n341 : 42
      n342 : 41
      n343 : 40
      n344 : 39
      n345 : 57
      n346 : 56
      n347 : 55
      n348 : 54
      n349 : 53
      n350 : 52
      n351 : 51
      n352 : 49
      n353 : 48
      n354 : 47
      n355 : 46
      n356 : 45
      n357 : 44
      n358 : 43
      n359 : 42
      n360 : 41
      n361 : 40
      n362 : 39
      n363 : 38
      n364 : 56
      n365 : 55
      n366 : 54
      n367 : 53
      n368 : 52
      n369 : 51
      n370 : 50
      n371 : 48
      n372 : 47
      n373 : 46
      n374 : 45
      n375 : 44
      n376 : 43
      n377 : 42
      n378 : 41
      n379 : 40
      n380 : 39
      n381 : 38
      n382 : 37
      n383 : 55
      n384 : 54
      n385 : 53
      n386 : 52
      n387 : 51
      n388 : 50
      n389 : 49
      n390 : 47
      n391 : 46
      n392 : 45
      n393 : 44
      n394 : 43
      n395 : 42
      n396 : 41
      n397 : 40
      n398 : 39
      n399 : 38
      n400 : 37
      n401 : 36
      n402 : 54
      n403 : 53
      n404 : 52
      n405 : 51
      n406 : 50
      n407 : 49
      n408 : 48
      n409 : 46
      n410 : 45
      n411 : 44
      n412 : 43
      n413 : 42
      n414 : 41
      n415 : 40
      n416 : 39
      n417 : 38
      n418 : 37
      n419 : 36
      n420 : 35
      n421 : 53
      n422 : 52
      n423 : 51
      n424 : 50
      n425 : 49
      n426 : 48
      n427 : 47
      n428 : 45
      n429 : 44
      n430 : 43
      n431 : 42
      n432 : 41
      n433 : 40
      n434 : 39
      n435 : 38
      n436 : 37
      n437 : 36
      n438 : 35
      n439 : 34
      n440 : 52
      n441 : 51
      n442 : 50
      n443 : 49
      n444 : 48
      n445 : 47
      n446 : 46
      n447 : 44
      n448 : 43
      n449 : 42
      n450 : 41
      n451 : 40
      n452 : 39
      n453 : 38
      n454 : 37
      n455 : 36
      n456 : 35
      n457 : 34
      n458 : 33
      n459 : 51
      n460 : 50
      n461 : 49
      n462 : 48
      n463 : 47
      n464 : 46
      n465 : 45
      n466 : 43
      n467 : 42
      n468 : 41
      n469 : 40
      n470 : 39
      n471 : 38
      n472 : 37
      n473 : 36
      n474 : 35
      n475 : 34
      n476 : 33
      n477 : 32
      n478 : 50
      n479 : 49
      n480 : 48
      n481 : 47
      n482 : 46
      n483 : 45
      n484 : 44
      n485 : 42
      n486 : 41
      n487 : 40
      n488 : 39
      n489 : 38
      n490 : 37
      n491 : 36
      n492 : 35
      n493 : 34
      n494 : 33
      n495 : 32
      n496 : 31
      n497 : 49
      n498 : 48
      n499 : 47
      n500 : 46
      n501 : 45
      n502 : 44
      n503 : 43
      n504 : 41
      n505 : 40
      n506 : 39
      n507 : 38
      n508 : 37
      n509 : 36
      n510 : 35
      n511 : 34
      n512 : 33
      n513 : 32
      n514 : 31
      n515 : 30
      n516 : 48
      n517 : 47
      n518 : 46
      n519 : 45
      n520 : 44
      n521 : 43
      n522 : 42
      n523 : 40
      n524 : 39
      n525 : 38
      n526 : 37
      n527 : 36
      n528 : 35
      n529 : 34
      n530 : 33
      n531 : 32
      n532 : 31
      n533 : 30
      n534 : 29
      n535 : 47
      n536 : 46
      n537 : 45
      n538 : 44
      n539 : 43
      n540 : 42
      n541 : 41
      n542 : 39
      n543 : 38
      n544 : 37
      n545 : 36
      n546 : 35
      n547 : 34
      n548 : 33
      n549 : 32
      n550 : 31
      n551 : 30
      n552 : 29
      n553 : 28
      n554 : 46
      n555 : 45
      n556 : 44
      n557 : 43
      n558 : 42
      n559 : 41
      n560 : 40
      n561 : 38
      n562 : 37
      n563 : 36
      n564 : 35
      n565 : 34
      n566 : 33
      n567 : 32
      n568 : 31
      n569 : 30
      n570 : 29
      n571 : 28
      n572 : 27
      n573 : 45
      n574 : 44
      n575 : 43
      n576 : 42
      n577 : 41
      n578 : 40
      n579 : 39
      n580 : 37
      n581 : 36
      n582 : 35
      n583 : 34
      n584 : 33
      n585 : 32
      n586 : 31
      n587 : 30
      n588 : 29
      n589 : 28
      n590 : 27
      n591 : 26
      n592 : 44
      n593 : 43
      n594 : 42
      n595 : 41
      n596 : 40
      n597 : 39
      n598 : 38
      n599 : 36
      n600 : 35
      n601 : 34
      n602 : 33
      n603 : 32
      n604 : 31
      n605 : 30
      n606 : 29
      n607 : 28
      n608 : 27
      n609 : 26
      n610 : 25
      n611 : 43
      n612 : 42
      n613 : 41
      n614 : 40
      n615 : 39
      n616 : 38
      n617 : 37
      n618 : 35
      n619 : 34
      n620 : 33
      n621 : 32
      n622 : 31
      n623 : 30
      n624 : 29
      n625 : 28
      n626 : 27
      n627 : 26
      n628 : 25
      n629 : 24
      n630 : 42
      n631 : 41
      n632 : 40
      n633 : 39
      n634 : 38
      n635 : 37
      n636 : 36
      n637 : 34
      n638 : 33
      n639 : 32
      n640 : 31
      n641 : 30
      n642 : 29
      n643 : 28
      n644 : 27
      n645 : 26
      n646 : 25
      n647 : 24
      n648 : 23
      n649 : 41
      n650 : 40
      n651 : 39
      n652 : 38
      n653 : 37
      n654 : 36
      n655 : 35
      n656 : 33
      n657 : 32
      n658 : 31
      n659 : 30
      n660 : 29
      n661 : 28
      n662 : 27
      n663 : 26
      n664 : 25
      n665 : 24
      n666 : 23
      n667 : 22
      n668 : 40
      n669 : 39
      n670 : 38
      n671 : 37
      n672 : 36
      n673 : 35
      n674 : 34
      n675 : 32
      n676 : 31
      n677 : 30
      n678 : 29
      n679 : 28
      n680 : 27
      n681 : 26
      n682 : 25
      n683 : 24
      n684 : 23
      n685 : 22
      n686 : 21
      n687 : 39
      n688 : 38
      n689 : 37
      n690 : 36
      n691 : 35
      n692 : 34
      n693 : 33
      n694 : 31
      n695 : 30
      n696 : 29
      n697 : 28
      n698 : 27
      n699 : 26
      n700 : 25
      n701 : 24
      n702 : 23
      n703 : 22
      n704 : 21
      n705 : 20
      n706 : 38
      n707 : 37
      n708 : 36
      n709 : 35
      n710 : 34
      n711 : 33
      n712 : 32
      n713 : 30
      n714 : 29
      n715 : 28
      n716 : 27
      n717 : 26
      n718 : 25
      n719 : 24
      n720 : 23
      n721 : 22
      n722 : 21
      n723 : 20
      n724 : 19
      n725 : 37
      n726 : 36
      n727 : 35
      n728 : 34
      n729 : 33
      n730 : 32
      n731 : 31
      n732 : 29
      n733 : 28
      n734 : 27
      n735 : 26
      n736 : 25
      n737 : 24
      n738 : 23
      n739 : 22
      n740 : 21
      n741 : 20
      n742 : 19
      n743 : 18
      n744 : 36
      n745 : 35
      n746 : 34
      n747 : 33
      n748 : 32
      n749 : 31
      n750 : 30
      n751 : 28
      n752 : 27
      n753 : 26
      n754 : 25
      n755 : 24
      n756 : 23
      n757 : 22
      n758 : 21
      n759 : 20
      n760 : 19
      n761 : 18
      n762 : 17
      n763 : 35
      n764 : 34
      n765 : 33
      n766 : 32
      n767 : 31
      n768 : 30
      n769 : 29
      n770 : 27
      n771 : 26
      n772 : 25
      n773 : 24
      n774 : 23
      n775 : 22
      n776 : 21
      n777 : 20
      n778 : 19
      n779 : 18
      n780 : 17
      n781 : 16
      n782 : 34
      n783 : 33
      n784 : 32
      n785 : 31
      n786 : 30
      n787 : 29
      n788 : 28
      n789 : 26
      n790 : 25
      n791 : 24
      n792 : 23
      n793 : 22
      n794 : 21
      n795 : 20
      n796 : 19
      n797 : 18
      n798 : 17
      n799 : 16
      n800 : 15
      n801 : 33
      n802 : 32
      n803 : 31
      n804 : 30
      n805 : 29
      n806 : 28
      n807 : 27
      n808 : 25
      n809 : 24
      n810 : 23
      n811 : 22
      n812 : 21
      n813 : 20
      n814 : 19
      n815 : 18
      n816 : 17
      n817 : 16
      n818 : 15
      n819 : 14
      n820 : 32
      n821 : 31
      n822 : 30
      n823 : 29
      n824 : 28
      n825 : 27
      n826 : 26
      n827 : 24
      n828 : 23
      n829 : 22
      n830 : 21
      n831 : 20
      n832 : 19
      n833 : 18
      n834 : 17
      n835 : 16
      n836 : 15
      n837 : 14
      n838 : 13
      n839 : 31
      n840 : 30
      n841 : 29
      n842 : 28
      n843 : 27
      n844 : 26
      n845 : 25
      n846 : 23
      n847 : 22
      n848 : 21
      n849 : 20
      n850 : 19
      n851 : 18
      n852 : 17
      n853 : 16
      n854 : 15
      n855 : 14
      n856 : 13
      n857 : 12
      n858 : 30
      n859 : 29
      n860 : 28
      n861 : 27
      n862 : 26
      n863 : 25
      n864 : 24
      n865 : 22
      n866 : 21
      n867 : 20
      n868 : 19
      n869 : 18
      n870 : 17
      n871 : 16
      n872 : 15
      n873 : 14
      n874 : 13
      n875 : 12
      n876 : 11
      n877 : 29
      n878 : 28
      n879 : 27
      n880 : 26
      n881 : 25
      n882 : 24
      n883 : 23
      n884 : 21
      n885 : 20
      n886 : 19
      n887 : 18
      n888 : 17
      n889 : 16
      n890 : 15
      n891 : 14
      n892 : 13
      n893 : 12
      n894 : 11
      n895 : 10
      n896 : 28
      n897 : 27
      n898 : 26
      n899 : 25
      n900 : 24
      n901 : 23
      n902 : 22
      n903 : 20
      n904 : 19
      n905 : 18
      n906 : 17
      n907 : 16
      n908 : 15
      n909 : 14
      n910 : 13
      n911 : 12
      n912 : 11
      n913 : 10
      n914 : 9
      n915 : 27
      n916 : 26
      n917 : 25
      n918 : 24
      n919 : 23
      n920 : 22
      n921 : 21
      n922 : 19
      n923 : 18
      n924 : 17
      n925 : 16
      n926 : 15
      n927 : 14
      n928 : 13
      n929 : 12
      n930 : 11
      n931 : 10
      n932 : 9
      n933 : 8
      n934 : 26
      n935 : 25
      n936 : 24
      n937 : 23
      n938 : 22
      n939 : 21
      n940 : 20
      n941 : 18
      n942 : 17
      n943 : 16
      n944 : 15
      n945 : 14
      n946 : 13
      n947 : 12
      n948 : 11
      n949 : 10
      n950 : 9
      n951 : 8
      n952 : 7
      n953 : 25
      n954 : 24
      n955 : 23
      n956 : 22
      n957 : 21
      n958 : 20
      n959 : 19
      n960 : 17
      n961 : 16
      n962 : 15
      n963 : 14
      n964 : 13
      n965 : 12
      n966 : 11
      n967 : 10
      n968 : 9
      n969 : 8
      n970 : 7
      n971 : 6
      n972 : 24
      n973 : 23
      n974 : 22
      n975 : 21
      n976 : 20
      n977 : 19
      n978 : 18
      n979 : 23
      n980 : 22
      n981 : 21
      n982 : 20
      n983 : 19
      n984 : 18
      n985 : 17
      n986 : 16
      n987 : 15
      n988 : 14
      n989 : 13
      n990 : 12
      n991 : 11
      n992 : 10
      n993 : 9
      n994 : 8
      n995 : 7
      n996 : 6
      n997 : 5
      n998 : 5
      n999 : 4
      n1000 : 1
