nodes:
      n1 : loadI 0 => r7
      n2 : loadI 4 => r3
      n3 : loadI 1024 => r47
      n4 : load r47 => r45
      n5 : loadI 1028 => r46
      n6 : load r46 => r44
      n7 : loadI 2000 => r42
      n8 : store r45 => r42
      n9 : add r45, r44 => r43
      n10 : add r44, r7 => r41
      n11 : add r43, r7 => r40
      n12 : add r42, r3 => r38
      n13 : store r41 => r38
      n14 : add r41, r40 => r39
      n15 : add r40, r7 => r37
      n16 : add r39, r7 => r36
      n17 : add r38, r3 => r34
      n18 : store r37 => r34
      n19 : add r37, r36 => r35
      n20 : add r36, r7 => r33
      n21 : add r35, r7 => r32
      n22 : add r34, r3 => r30
      n23 : store r33 => r30
      n24 : add r33, r32 => r31
      n25 : add r32, r7 => r29
      n26 : add r31, r7 => r28
      n27 : add r30, r3 => r26
      n28 : store r29 => r26
      n29 : add r29, r28 => r27
      n30 : add r28, r7 => r25
      n31 : add r27, r7 => r24
      n32 : add r26, r3 => r22
      n33 : store r25 => r22
      n34 : add r25, r24 => r23
      n35 : add r24, r7 => r21
      n36 : add r23, r7 => r20
      n37 : add r22, r3 => r18
      n38 : store r21 => r18
      n39 : add r21, r20 => r19
      n40 : add r20, r7 => r17
      n41 : add r19, r7 => r16
      n42 : add r18, r3 => r14
      n43 : store r17 => r14
      n44 : add r17, r16 => r15
      n45 : add r16, r7 => r13
      n46 : add r15, r7 => r12
      n47 : add r14, r3 => r10
      n48 : store r13 => r10
      n49 : add r13, r12 => r11
      n50 : add r12, r7 => r9
      n51 : add r11, r7 => r8
      n52 : add r10, r3 => r5
      n53 : store r9 => r5
      n54 : add r9, r8 => r6
      n55 : add r8, r7 => r4
      n56 : add r6, r7 => r0
      n57 : add r5, r3 => r2
      n58 : store r4 => r2
      n59 : add r2, r3 => r1
      n60 : store r0 => r1
      n61 : output  2000
      n62 : output  2004
      n63 : output  2008
      n64 : output  2012
      n65 : output  2016
      n66 : output  2020
      n67 : output  2024
      n68 : output  2028
      n69 : output  2032
      n70 : output  2036
      n71 : output  2040
      n72 : output  2044
edges:
      n1 : { }
      n2 : { }
      n3 : { }
      n4 : { n3 }
      n5 : { }
      n6 : { n5 }
      n7 : { }
      n8 : { n4 , n6 , n7 }
      n9 : { n4 , n6 }
      n10 : { n1 , n6 }
      n11 : { n1 , n9 }
      n12 : { n2 , n7 }
      n13 : { n4 , n6 , n8 , n10 , n12 }
      n14 : { n10 , n11 }
      n15 : { n1 , n11 }
      n16 : { n1 , n14 }
      n17 : { n2 , n12 }
      n18 : { n4 , n6 , n13 , n15 , n17 }
      n19 : { n15 , n16 }
      n20 : { n1 , n16 }
      n21 : { n1 , n19 }
      n22 : { n2 , n17 }
      n23 : { n4 , n6 , n18 , n20 , n22 }
      n24 : { n20 , n21 }
      n25 : { n1 , n21 }
      n26 : { n1 , n24 }
      n27 : { n2 , n22 }
      n28 : { n4 , n6 , n23 , n25 , n27 }
      n29 : { n25 , n26 }
      n30 : { n1 , n26 }
      n31 : { n1 , n29 }
      n32 : { n2 , n27 }
      n33 : { n4 , n6 , n28 , n30 , n32 }
      n34 : { n30 , n31 }
      n35 : { n1 , n31 }
      n36 : { n1 , n34 }
      n37 : { n2 , n32 }
      n38 : { n4 , n6 , n33 , n35 , n37 }
      n39 : { n35 , n36 }
      n40 : { n1 , n36 }
      n41 : { n1 , n39 }
      n42 : { n2 , n37 }
      n43 : { n4 , n6 , n38 , n40 , n42 }
      n44 : { n40 , n41 }
      n45 : { n1 , n41 }
      n46 : { n1 , n44 }
      n47 : { n2 , n42 }
      n48 : { n4 , n6 , n43 , n45 , n47 }
      n49 : { n45 , n46 }
      n50 : { n1 , n46 }
      n51 : { n1 , n49 }
      n52 : { n2 , n47 }
      n53 : { n4 , n6 , n48 , n50 , n52 }
      n54 : { n50 , n51 }
      n55 : { n1 , n51 }
      n56 : { n1 , n54 }
      n57 : { n2 , n52 }
      n58 : { n4 , n6 , n53 , n55 , n57 }
      n59 : { n2 , n57 }
      n60 : { n4 , n6 , n56 , n58 , n59 }
      n61 : { n60 }
      n62 : { n60 , n61 }
      n63 : { n60 , n62 }
      n64 : { n60 , n63 }
      n65 : { n60 , n64 }
      n66 : { n60 , n65 }
      n67 : { n60 , n66 }
      n68 : { n60 , n67 }
      n69 : { n60 , n68 }
      n70 : { n60 , n69 }
      n71 : { n60 , n70 }
      n72 : { n60 , n71 }
weights:
      n1 : 47
      n2 : 47
      n3 : 52
      n4 : 51
      n5 : 52
      n6 : 51
      n7 : 49
      n8 : 48
      n9 : 45
      n10 : 46
      n11 : 44
      n12 : 46
      n13 : 45
      n14 : 42
      n15 : 43
      n16 : 41
      n17 : 43
      n18 : 42
      n19 : 39
      n20 : 40
      n21 : 38
      n22 : 40
      n23 : 39
      n24 : 36
      n25 : 37
      n26 : 35
      n27 : 37
      n28 : 36
      n29 : 33
      n30 : 34
      n31 : 32
      n32 : 34
      n33 : 33
      n34 : 30
      n35 : 31
      n36 : 29
      n37 : 31
      n38 : 30
      n39 : 27
      n40 : 28
      n41 : 26
      n42 : 28
      n43 : 27
      n44 : 24
      n45 : 25
      n46 : 23
      n47 : 25
      n48 : 24
      n49 : 21
      n50 : 22
      n51 : 20
      n52 : 22
      n53 : 21
      n54 : 17
      n55 : 19
      n56 : 16
      n57 : 19
      n58 : 18
      n59 : 16
      n60 : 15
      n61 : 12
      n62 : 11
      n63 : 10
      n64 : 9
      n65 : 8
      n66 : 7
      n67 : 6
      n68 : 5
      n69 : 4
      n70 : 3
      n71 : 2
      n72 : 1
