nodes:
      n1 : loadI 2048 => r54
      n2 : loadI 4 => r42
      n3 : load r54 => r41
      n4 : add r54, r42 => r53
      n5 : load r53 => r7
      n6 : add r53, r42 => r52
      n7 : load r52 => r12
      n8 : add r52, r42 => r51
      n9 : load r51 => r17
      n10 : add r51, r42 => r50
      n11 : load r50 => r24
      n12 : add r50, r42 => r49
      n13 : load r49 => r29
      n14 : add r49, r42 => r48
      n15 : load r48 => r26
      n16 : add r48, r42 => r47
      n17 : load r47 => r19
      n18 : add r47, r42 => r46
      n19 : load r46 => r14
      n20 : add r46, r42 => r45
      n21 : load r45 => r9
      n22 : add r45, r42 => r44
      n23 : loadI 0 => r43
      n24 : add r41, r7 => r40
      n25 : mult r42, r7 => r39
      n26 : sub r9, r41 => r38
      n27 : add r40, r12 => r37
      n28 : mult r39, r12 => r36
      n29 : add r38, r14 => r35
      n30 : add r37, r17 => r34
      n31 : mult r36, r17 => r33
      n32 : sub r35, r19 => r32
      n33 : add r34, r24 => r31
      n34 : mult r33, r24 => r30
      n35 : add r32, r26 => r28
      n36 : add r31, r29 => r27
      n37 : mult r30, r29 => r25
      n38 : sub r28, r29 => r23
      n39 : add r27, r26 => r20
      n40 : mult r25, r26 => r21
      n41 : add r23, r24 => r16
      n42 : loadI 16 => r22
      n43 : rshift r21, r22 => r18
      n44 : add r20, r19 => r15
      n45 : mult r18, r19 => r13
      n46 : sub r16, r17 => r11
      n47 : add r15, r14 => r10
      n48 : mult r13, r14 => r8
      n49 : add r11, r12 => r6
      n50 : add r10, r9 => r4
      n51 : mult r8, r9 => r2
      n52 : sub r6, r7 => r0
      n53 : loadI 1024 => r5
      n54 : store r4 => r5
      n55 : loadI 1028 => r3
      n56 : store r2 => r3
      n57 : loadI 1032 => r1
      n58 : store r0 => r1
      n59 : output  1024
      n60 : output  1028
      n61 : output  1032
edges:
      n1 : { }
      n2 : { }
      n3 : { n1 }
      n4 : { n1 , n2 }
      n5 : { n4 }
      n6 : { n2 , n4 }
      n7 : { n6 }
      n8 : { n2 , n6 }
      n9 : { n8 }
      n10 : { n2 , n8 }
      n11 : { n10 }
      n12 : { n2 , n10 }
      n13 : { n12 }
      n14 : { n2 , n12 }
      n15 : { n14 }
      n16 : { n2 , n14 }
      n17 : { n16 }
      n18 : { n2 , n16 }
      n19 : { n18 }
      n20 : { n2 , n18 }
      n21 : { n20 }
      n22 : { n2 , n20 }
      n23 : { }
      n24 : { n3 , n5 }
      n25 : { n2 , n5 }
      n26 : { n3 , n21 }
      n27 : { n7 , n24 }
      n28 : { n7 , n25 }
      n29 : { n19 , n26 }
      n30 : { n9 , n27 }
      n31 : { n9 , n28 }
      n32 : { n17 , n29 }
      n33 : { n11 , n30 }
      n34 : { n11 , n31 }
      n35 : { n15 , n32 }
      n36 : { n13 , n33 }
      n37 : { n13 , n34 }
      n38 : { n13 , n35 }
      n39 : { n15 , n36 }
      n40 : { n15 , n37 }
      n41 : { n11 , n38 }
      n42 : { }
      n43 : { n40 , n42 }
      n44 : { n17 , n39 }
      n45 : { n17 , n43 }
      n46 : { n9 , n41 }
      n47 : { n19 , n44 }
      n48 : { n19 , n45 }
      n49 : { n7 , n46 }
      n50 : { n21 , n47 }
      n51 : { n21 , n48 }
      n52 : { n5 , n49 }
      n53 : { }
      n54 : { n3 , n5 , n7 , n9 , n11 , n13 , n15 , n17 , n19 , n21 , n50 , n53 }
      n55 : { }
      n56 : { n3 , n5 , n7 , n9 , n11 , n13 , n15 , n17 , n19 , n21 , n51 , n54 , n55 }
      n57 : { }
      n58 : { n3 , n5 , n7 , n9 , n11 , n13 , n15 , n17 , n19 , n21 , n52 , n56 , n57 }
      n59 : { n58 }
      n60 : { n58 , n59 }
      n61 : { n58 , n60 }
weights:
      n1 : 33
      n2 : 33
      n3 : 24
      n4 : 32
      n5 : 31
      n6 : 30
      n7 : 29
      n8 : 28
      n9 : 27
      n10 : 26
      n11 : 25
      n12 : 24
      n13 : 23
      n14 : 22
      n15 : 21
      n16 : 21
      n17 : 18
      n18 : 20
      n19 : 17
      n20 : 19
      n21 : 18
      n22 : 1
      n23 : 1
      n24 : 21
      n25 : 28
      n26 : 15
      n27 : 20
      n28 : 26
      n29 : 14
      n30 : 19
      n31 : 24
      n32 : 13
      n33 : 18
      n34 : 22
      n35 : 12
      n36 : 17
      n37 : 20
      n38 : 11
      n39 : 16
      n40 : 18
      n41 : 10
      n42 : 17
      n43 : 16
      n44 : 15
      n45 : 15
      n46 : 9
      n47 : 14
      n48 : 13
      n49 : 8
      n50 : 13
      n51 : 11
      n52 : 7
      n53 : 13
      n54 : 12
      n55 : 10
      n56 : 9
      n57 : 7
      n58 : 6
      n59 : 3
      n60 : 2
      n61 : 1
