nodes:
      n1 : loadI 1 => r5
      n2 : loadI 1024 => r2
      n3 : lshift r5, r5 => r38
      n4 : lshift r38, r5 => r36
      n5 : lshift r36, r5 => r37
      n6 : lshift r37, r5 => r7
      n7 : lshift r7, r5 => r35
      n8 : lshift r35, r5 => r33
      n9 : lshift r33, r5 => r34
      n10 : lshift r34, r5 => r31
      n11 : lshift r31, r5 => r32
      n12 : lshift r32, r5 => r29
      n13 : lshift r29, r5 => r30
      n14 : lshift r30, r5 => r27
      n15 : lshift r27, r5 => r28
      n16 : lshift r28, r5 => r25
      n17 : lshift r25, r5 => r26
      n18 : lshift r26, r5 => r10
      n19 : add r5, r38 => r23
      n20 : add r36, r37 => r24
      n21 : add r7, r35 => r21
      n22 : add r33, r34 => r22
      n23 : add r31, r32 => r19
      n24 : add r29, r30 => r20
      n25 : add r27, r28 => r17
      n26 : add r25, r26 => r18
      n27 : add r23, r24 => r15
      n28 : add r21, r22 => r16
      n29 : add r19, r20 => r13
      n30 : add r17, r18 => r14
      n31 : add r15, r16 => r12
      n32 : add r13, r14 => r11
      n33 : add r11, r12 => r9
      n34 : add r9, r10 => r8
      n35 : store r8 => r2
      n36 : add r7, r5 => r6
      n37 : lshift r5, r6 => r4
      n38 : sub r4, r5 => r0
      n39 : loadI 4 => r3
      n40 : add r2, r3 => r1
      n41 : store r0 => r1
      n42 : output  1024
      n43 : output  1028
edges:
      n1 : { }
      n2 : { }
      n3 : { n1 }
      n4 : { n1 , n3 }
      n5 : { n1 , n4 }
      n6 : { n1 , n5 }
      n7 : { n1 , n6 }
      n8 : { n1 , n7 }
      n9 : { n1 , n8 }
      n10 : { n1 , n9 }
      n11 : { n1 , n10 }
      n12 : { n1 , n11 }
      n13 : { n1 , n12 }
      n14 : { n1 , n13 }
      n15 : { n1 , n14 }
      n16 : { n1 , n15 }
      n17 : { n1 , n16 }
      n18 : { n1 , n17 }
      n19 : { n1 , n3 }
      n20 : { n4 , n5 }
      n21 : { n6 , n7 }
      n22 : { n8 , n9 }
      n23 : { n10 , n11 }
      n24 : { n12 , n13 }
      n25 : { n14 , n15 }
      n26 : { n16 , n17 }
      n27 : { n19 , n20 }
      n28 : { n21 , n22 }
      n29 : { n23 , n24 }
      n30 : { n25 , n26 }
      n31 : { n27 , n28 }
      n32 : { n29 , n30 }
      n33 : { n31 , n32 }
      n34 : { n18 , n33 }
      n35 : { n2 , n34 }
      n36 : { n1 , n6 }
      n37 : { n1 , n36 }
      n38 : { n1 , n37 }
      n39 : { }
      n40 : { n2 , n39 }
      n41 : { n35 , n38 , n40 }
      n42 : { n41 }
      n43 : { n41 , n42 }
weights:
      n1 : 29
      n2 : 9
      n3 : 28
      n4 : 27
      n5 : 26
      n6 : 25
      n7 : 24
      n8 : 23
      n9 : 22
      n10 : 21
      n11 : 20
      n12 : 19
      n13 : 18
      n14 : 17
      n15 : 16
      n16 : 15
      n17 : 14
      n18 : 10
      n19 : 13
      n20 : 13
      n21 : 13
      n22 : 13
      n23 : 13
      n24 : 13
      n25 : 13
      n26 : 13
      n27 : 12
      n28 : 12
      n29 : 12
      n30 : 12
      n31 : 11
      n32 : 11
      n33 : 10
      n34 : 9
      n35 : 8
      n36 : 8
      n37 : 7
      n38 : 6
      n39 : 7
      n40 : 6
      n41 : 5
      n42 : 2
      n43 : 1
