nodes:
      n1 : loadI 0 => r33
      n2 : loadI 4 => r10
      n3 : loadI 1024 => r32
      n4 : store r33 => r32
      n5 : add r33, r10 => r31
      n6 : add r32, r10 => r30
      n7 : store r31 => r30
      n8 : add r31, r10 => r29
      n9 : add r30, r10 => r28
      n10 : store r29 => r28
      n11 : add r29, r10 => r27
      n12 : add r28, r10 => r26
      n13 : store r27 => r26
      n14 : add r27, r10 => r25
      n15 : add r26, r10 => r24
      n16 : store r25 => r24
      n17 : add r25, r10 => r23
      n18 : add r24, r10 => r22
      n19 : store r23 => r22
      n20 : add r23, r10 => r21
      n21 : add r22, r10 => r20
      n22 : store r21 => r20
      n23 : add r21, r10 => r19
      n24 : add r20, r10 => r18
      n25 : store r19 => r18
      n26 : add r19, r10 => r17
      n27 : add r18, r10 => r16
      n28 : store r17 => r16
      n29 : add r17, r10 => r15
      n30 : add r16, r10 => r14
      n31 : store r15 => r14
      n32 : add r15, r10 => r12
      n33 : add r14, r10 => r13
      n34 : store r12 => r13
      n35 : loadI 1024 => r11
      n36 : load r11 => r6
      n37 : add r11, r10 => r9
      n38 : load r9 => r7
      n39 : add r9, r10 => r5
      n40 : load r5 => r8
      n41 : add r6, r7 => r2
      n42 : load r5 => r4
      n43 : add r4, r4 => r3
      n44 : mult r2, r3 => r0
      n45 : loadI 2048 => r1
      n46 : store r0 => r1
      n47 : output  2048
edges:
      n1 : { }
      n2 : { }
      n3 : { }
      n4 : { n1 , n3 }
      n5 : { n1 , n2 }
      n6 : { n2 , n3 }
      n7 : { n4 , n5 , n6 }
      n8 : { n2 , n5 }
      n9 : { n2 , n6 }
      n10 : { n7 , n8 , n9 }
      n11 : { n2 , n8 }
      n12 : { n2 , n9 }
      n13 : { n10 , n11 , n12 }
      n14 : { n2 , n11 }
      n15 : { n2 , n12 }
      n16 : { n13 , n14 , n15 }
      n17 : { n2 , n14 }
      n18 : { n2 , n15 }
      n19 : { n16 , n17 , n18 }
      n20 : { n2 , n17 }
      n21 : { n2 , n18 }
      n22 : { n19 , n20 , n21 }
      n23 : { n2 , n20 }
      n24 : { n2 , n21 }
      n25 : { n22 , n23 , n24 }
      n26 : { n2 , n23 }
      n27 : { n2 , n24 }
      n28 : { n25 , n26 , n27 }
      n29 : { n2 , n26 }
      n30 : { n2 , n27 }
      n31 : { n28 , n29 , n30 }
      n32 : { n2 , n29 }
      n33 : { n2 , n30 }
      n34 : { n31 , n32 , n33 }
      n35 : { }
      n36 : { n34 , n35 }
      n37 : { n2 , n35 }
      n38 : { n34 , n37 }
      n39 : { n2 , n37 }
      n40 : { n34 , n39 }
      n41 : { n36 , n38 }
      n42 : { n34 , n39 }
      n43 : { n42 }
      n44 : { n41 , n43 }
      n45 : { }
      n46 : { n34 , n36 , n38 , n40 , n42 , n44 , n45 }
      n47 : { n46 }
weights:
      n1 : 44
      n2 : 42
      n3 : 44
      n4 : 43
      n5 : 41
      n6 : 41
      n7 : 40
      n8 : 38
      n9 : 38
      n10 : 37
      n11 : 35
      n12 : 35
      n13 : 34
      n14 : 32
      n15 : 32
      n16 : 31
      n17 : 29
      n18 : 29
      n19 : 28
      n20 : 26
      n21 : 26
      n22 : 25
      n23 : 23
      n24 : 23
      n25 : 22
      n26 : 20
      n27 : 20
      n28 : 19
      n29 : 17
      n30 : 17
      n31 : 16
      n32 : 14
      n33 : 14
      n34 : 13
      n35 : 13
      n36 : 10
      n37 : 12
      n38 : 10
      n39 : 11
      n40 : 7
      n41 : 7
      n42 : 10
      n43 : 7
      n44 : 6
      n45 : 5
      n46 : 4
      n47 : 1
