nodes:
      n1 : loadI 1032 => r46
      n2 : loadI 1024 => r48
      n3 : load r48 => r45
      n4 : loadI 4 => r28
      n5 : loadI 1028 => r47
      n6 : load r47 => r26
      n7 : store r45 => r46
      n8 : add r46, r28 => r44
      n9 : add r45, r26 => r43
      n10 : store r43 => r44
      n11 : add r44, r28 => r42
      n12 : add r43, r26 => r41
      n13 : store r41 => r42
      n14 : add r42, r28 => r40
      n15 : add r41, r26 => r39
      n16 : store r39 => r40
      n17 : add r40, r28 => r38
      n18 : add r39, r26 => r37
      n19 : store r37 => r38
      n20 : add r38, r28 => r36
      n21 : add r37, r26 => r35
      n22 : store r35 => r36
      n23 : add r36, r28 => r34
      n24 : add r35, r26 => r33
      n25 : store r33 => r34
      n26 : add r34, r28 => r32
      n27 : add r33, r26 => r31
      n28 : store r31 => r32
      n29 : add r32, r28 => r30
      n30 : add r31, r26 => r29
      n31 : store r29 => r30
      n32 : add r30, r28 => r27
      n33 : add r29, r26 => r25
      n34 : store r25 => r27
      n35 : add r27, r28 => r23
      n36 : add r25, r26 => r24
      n37 : store r24 => r23
      n38 : load r23 => r20
      n39 : loadI 1036 => r22
      n40 : load r22 => r21
      n41 : mult r20, r21 => r18
      n42 : loadI 1040 => r19
      n43 : store r18 => r19
      n44 : loadI 1044 => r17
      n45 : load r17 => r14
      n46 : loadI 1048 => r16
      n47 : load r16 => r15
      n48 : mult r14, r15 => r12
      n49 : loadI 1052 => r13
      n50 : store r12 => r13
      n51 : loadI 1056 => r11
      n52 : load r11 => r8
      n53 : loadI 1060 => r10
      n54 : load r10 => r9
      n55 : mult r8, r9 => r6
      n56 : loadI 1064 => r7
      n57 : store r6 => r7
      n58 : loadI 1068 => r5
      n59 : load r5 => r2
      n60 : loadI 1072 => r4
      n61 : load r4 => r3
      n62 : mult r2, r3 => r0
      n63 : loadI 1076 => r1
      n64 : store r0 => r1
      n65 : output  1040
      n66 : output  1052
      n67 : output  1064
      n68 : output  1076
edges:
      n1 : { }
      n2 : { }
      n3 : { n2 }
      n4 : { }
      n5 : { }
      n6 : { n5 }
      n7 : { n1 , n3 , n6 }
      n8 : { n1 , n4 }
      n9 : { n3 , n6 }
      n10 : { n3 , n6 , n7 , n8 , n9 }
      n11 : { n4 , n8 }
      n12 : { n6 , n9 }
      n13 : { n3 , n6 , n10 , n11 , n12 }
      n14 : { n4 , n11 }
      n15 : { n6 , n12 }
      n16 : { n3 , n6 , n13 , n14 , n15 }
      n17 : { n4 , n14 }
      n18 : { n6 , n15 }
      n19 : { n3 , n6 , n16 , n17 , n18 }
      n20 : { n4 , n17 }
      n21 : { n6 , n18 }
      n22 : { n3 , n6 , n19 , n20 , n21 }
      n23 : { n4 , n20 }
      n24 : { n6 , n21 }
      n25 : { n3 , n6 , n22 , n23 , n24 }
      n26 : { n4 , n23 }
      n27 : { n6 , n24 }
      n28 : { n3 , n6 , n25 , n26 , n27 }
      n29 : { n4 , n26 }
      n30 : { n6 , n27 }
      n31 : { n3 , n6 , n28 , n29 , n30 }
      n32 : { n4 , n29 }
      n33 : { n6 , n30 }
      n34 : { n3 , n6 , n31 , n32 , n33 }
      n35 : { n4 , n32 }
      n36 : { n6 , n33 }
      n37 : { n3 , n6 , n34 , n35 , n36 }
      n38 : { n35 , n37 }
      n39 : { }
      n40 : { n37 , n39 }
      n41 : { n38 , n40 }
      n42 : { }
      n43 : { n3 , n6 , n37 , n38 , n40 , n41 , n42 }
      n44 : { }
      n45 : { n43 , n44 }
      n46 : { }
      n47 : { n43 , n46 }
      n48 : { n45 , n47 }
      n49 : { }
      n50 : { n3 , n6 , n38 , n40 , n43 , n45 , n47 , n48 , n49 }
      n51 : { }
      n52 : { n50 , n51 }
      n53 : { }
      n54 : { n50 , n53 }
      n55 : { n52 , n54 }
      n56 : { }
      n57 : { n3 , n6 , n38 , n40 , n45 , n47 , n50 , n52 , n54 , n55 , n56 }
      n58 : { }
      n59 : { n57 , n58 }
      n60 : { }
      n61 : { n57 , n60 }
      n62 : { n59 , n61 }
      n63 : { }
      n64 : { n3 , n6 , n38 , n40 , n45 , n47 , n52 , n54 , n57 , n59 , n61 , n62 , n63 }
      n65 : { n64 }
      n66 : { n64 , n65 }
      n67 : { n64 , n66 }
      n68 : { n64 , n67 }
weights:
      n1 : 70
      n2 : 73
      n3 : 72
      n4 : 68
      n5 : 73
      n6 : 72
      n7 : 69
      n8 : 67
      n9 : 67
      n10 : 66
      n11 : 64
      n12 : 64
      n13 : 63
      n14 : 61
      n15 : 61
      n16 : 60
      n17 : 58
      n18 : 58
      n19 : 57
      n20 : 55
      n21 : 55
      n22 : 54
      n23 : 52
      n24 : 52
      n25 : 51
      n26 : 49
      n27 : 49
      n28 : 48
      n29 : 46
      n30 : 46
      n31 : 45
      n32 : 43
      n33 : 43
      n34 : 42
      n35 : 40
      n36 : 40
      n37 : 39
      n38 : 36
      n39 : 37
      n40 : 36
      n41 : 33
      n42 : 32
      n43 : 31
      n44 : 29
      n45 : 28
      n46 : 29
      n47 : 28
      n48 : 25
      n49 : 24
      n50 : 23
      n51 : 21
      n52 : 20
      n53 : 21
      n54 : 20
      n55 : 17
      n56 : 16
      n57 : 15
      n58 : 13
      n59 : 12
      n60 : 13
      n61 : 12
      n62 : 9
      n63 : 8
      n64 : 7
      n65 : 4
      n66 : 3
      n67 : 2
      n68 : 1
