nodes:
      n1 : loadI 2 => r41
      n2 : loadI 1024 => r42
      n3 : store r41 => r42
      n4 : loadI 3 => r39
      n5 : loadI 1028 => r40
      n6 : store r39 => r40
      n7 : loadI 5 => r36
      n8 : loadI 1032 => r38
      n9 : store r36 => r38
      n10 : loadI 2048 => r37
      n11 : store r36 => r37
      n12 : loadI 6 => r34
      n13 : loadI 4104 => r35
      n14 : store r34 => r35
      n15 : loadI 1 => r32
      n16 : loadI 8192 => r33
      n17 : store r32 => r33
      n18 : loadI 2 => r31
      n19 : loadI 1024 => r8
      n20 : load r8 => r9
      n21 : sub r9, r31 => r30
      n22 : loadI 4 => r15
      n23 : mult r30, r15 => r28
      n24 : loadI 2048 => r29
      n25 : add r28, r29 => r27
      n26 : load r27 => r20
      n27 : loadI 1 => r26
      n28 : loadI 1028 => r5
      n29 : load r5 => r6
      n30 : sub r6, r26 => r25
      n31 : mult r25, r15 => r23
      n32 : loadI 4096 => r24
      n33 : add r23, r24 => r22
      n34 : load r22 => r17
      n35 : loadI 8192 => r21
      n36 : load r21 => r19
      n37 : mult r19, r20 => r18
      n38 : add r17, r18 => r10
      n39 : loadI 3 => r16
      n40 : loadI 1032 => r1
      n41 : load r1 => r2
      n42 : sub r2, r16 => r14
      n43 : mult r14, r15 => r12
      n44 : loadI 16384 => r13
      n45 : add r12, r13 => r11
      n46 : store r10 => r11
      n47 : loadI 1 => r3
      n48 : add r9, r3 => r7
      n49 : store r7 => r8
      n50 : add r6, r3 => r4
      n51 : store r4 => r5
      n52 : add r2, r3 => r0
      n53 : store r0 => r1
      n54 : output  1024
      n55 : output  1028
      n56 : output  1032
      n57 : output  16392
edges:
      n1 : { }
      n2 : { }
      n3 : { n1 , n2 }
      n4 : { }
      n5 : { }
      n6 : { n3 , n4 , n5 }
      n7 : { }
      n8 : { }
      n9 : { n6 , n7 , n8 }
      n10 : { }
      n11 : { n7 , n9 , n10 }
      n12 : { }
      n13 : { }
      n14 : { n11 , n12 , n13 }
      n15 : { }
      n16 : { }
      n17 : { n14 , n15 , n16 }
      n18 : { }
      n19 : { }
      n20 : { n17 , n19 }
      n21 : { n18 , n20 }
      n22 : { }
      n23 : { n21 , n22 }
      n24 : { }
      n25 : { n23 , n24 }
      n26 : { n17 , n25 }
      n27 : { }
      n28 : { }
      n29 : { n17 , n28 }
      n30 : { n27 , n29 }
      n31 : { n22 , n30 }
      n32 : { }
      n33 : { n31 , n32 }
      n34 : { n17 , n33 }
      n35 : { }
      n36 : { n17 , n35 }
      n37 : { n26 , n36 }
      n38 : { n34 , n37 }
      n39 : { }
      n40 : { }
      n41 : { n17 , n40 }
      n42 : { n39 , n41 }
      n43 : { n22 , n42 }
      n44 : { }
      n45 : { n43 , n44 }
      n46 : { n17 , n20 , n26 , n29 , n34 , n36 , n38 , n41 , n45 }
      n47 : { }
      n48 : { n20 , n47 }
      n49 : { n19 , n20 , n26 , n29 , n34 , n36 , n41 , n46 , n48 }
      n50 : { n29 , n47 }
      n51 : { n20 , n26 , n28 , n29 , n34 , n36 , n41 , n49 , n50 }
      n52 : { n41 , n47 }
      n53 : { n20 , n26 , n29 , n34 , n36 , n40 , n41 , n51 , n52 }
      n54 : { n53 }
      n55 : { n53 , n54 }
      n56 : { n53 , n55 }
      n57 : { n53 , n56 }
weights:
      n1 : 48
      n2 : 48
      n3 : 47
      n4 : 45
      n5 : 45
      n6 : 44
      n7 : 42
      n8 : 42
      n9 : 41
      n10 : 39
      n11 : 38
      n12 : 36
      n13 : 36
      n14 : 35
      n15 : 33
      n16 : 33
      n17 : 32
      n18 : 27
      n19 : 30
      n20 : 29
      n21 : 26
      n22 : 26
      n23 : 25
      n24 : 24
      n25 : 23
      n26 : 22
      n27 : 25
      n28 : 28
      n29 : 27
      n30 : 24
      n31 : 23
      n32 : 22
      n33 : 21
      n34 : 20
      n35 : 23
      n36 : 22
      n37 : 19
      n38 : 17
      n39 : 21
      n40 : 24
      n41 : 23
      n42 : 20
      n43 : 19
      n44 : 18
      n45 : 17
      n46 : 16
      n47 : 15
      n48 : 14
      n49 : 13
      n50 : 11
      n51 : 10
      n52 : 8
      n53 : 7
      n54 : 4
      n55 : 3
      n56 : 2
      n57 : 1
